do run
loading script "felix_analysis400_120 no center.py"
loading script "felix_pump_ms.py"
loading script "felix_furnace.py"
loading script "felix_pump_extraction_line.py"
testing...
no interpolation path defined
executed snippet estimated_duration=559.2304, duration=0.000214815139771
script duration name:analysis400_120 no center seconds:559.0
loading script "felix_analysis400_120 no center.py"
loading script "felix_pump_ms.py"
loading script "felix_furnace.py"
loading script "felix_pump_extraction_line.py"
testing...
no interpolation path defined
executed snippet estimated_duration=0, duration=2.90870666504e-05
loading script "felix_analysis400_120 no center.py"
loading script "felix_pump_ms.py"
loading script "felix_furnace.py"
loading script "felix_pump_extraction_line.py"
testing...
no interpolation path defined
executed snippet estimated_duration=184.0, duration=0.000375986099243
script duration name:furnace seconds:184.0
loading script "felix_analysis400_120 no center.py"
loading script "felix_pump_ms.py"
loading script "felix_furnace.py"
loading script "felix_pump_extraction_line.py"
testing...
no interpolation path defined
calculate duration
testing...
no interpolation path defined
executed snippet estimated_duration=4.0, duration=0.000204086303711
executed snippet estimated_duration=4.0, duration=0.00138711929321
Script duration 743.0
Run total estimated duration= 744.000
run duration: 0:12:24
doing event level: 2
20:24:16 -- Setting default integration. t=1.048576
setting integration time = 1.048576
SetIntegrationTime 1.048576 ===>> OK
----------------- start -----------------
**************** Experiment Type: Ar/Ar, Ar/Ar
close session 4747222864
$$$$$ Clearing conditionals
adding conditionals 
Add queue conditionals
adding queue conditionals from /Users/obama/PychronDev/queue_conditionals/normal.yaml
add default conditionals
adding default conditionals from /Users/obama/PychronDev/setupfiles/spectrometer/default_conditionals.yaml
Start automated run bu-NF-F-195
loading script "felix_analysis400_120 no center.py"
loading script "felix_pump_ms.py"
loading script "felix_furnace.py"
loading script "felix_pump_extraction_line.py"
%%%%%%%%%%%%%%%%%% setting automated run bu-NF-F-195
No value "sensitivity_multiplier" in metadata
$$$$$$$$$$$$$$$ auto_save_detector_ic=False
============================= Pre Extraction Check =============================
loading queue conditionals pre_run_terminations
queue conditionals path /Users/obama/PychronDev/queue_conditionals/normal.yaml
loading conditionals from /Users/obama/PychronDev/queue_conditionals/normal.yaml
loading system conditionals pre_run_terminations
loading conditionals from /Users/obama/PychronDev/setupfiles/spectrometer/default_conditionals.yaml
20:24:16 -- ******* Pre Extraction Check *******
Get a measurement from the spectrometer
Pre Extraction Termination data. keys=L2(CDD),H2,H1,AX,L1,L2, signals=0.00128,-0.07650,0.24162,-0.11237,-0.28630,-0.04918
20:24:16 -- testing system defined conditionals
Checking default pre extraction terminations n=2
testing L2_CDD_
evaluate ot="L2(CDD).inactive" t="L2_CDD_", ctx="{'L2_CDD_': False}"
GetDeflection L2 (CDD) ===>> 0
testing L2_CDD_==3250
evaluate ot="L2(CDD).deflection==3250" t="L2_CDD_==3250", ctx="{'L2_CDD_': 0.0}"
20:24:16 -- ******* Pre Extraction Check Passed *******
=================================================================================
20:24:16 -- stopping status monitor
stop 4720422352
Status monitor stopped
20:24:21 -- starting status monitor
start 4720422352
StatusMonitor period=3. Frequencies(state=1, checksum=3, lock=5, owner=5)
start extraction
do extraction
Analysis started at 20:24:26.201889
Extraction Started felix_furnace.py
20:24:26 -- ******* Extraction Started felix_furnace.py *******
state changed from not run to extraction
DO EXTRACTION <pychron.extraction_line.pyscript_runner.RemotePyScriptRunner object at 0x11dcaf650>
testing...
no interpolation path defined
executed snippet estimated_duration=1684.0, duration=0.000423908233643
start_response_recorder () {}
start response recorder
Felix unknown furnace analysis
close ('F',) {}
close name=F desc=---
checking ownership. requestor=129.138.12.137
check software interlocks F
interlocks []
actuate state mode=None-script, software_lock=True
VALVE-F(CO2 Laser to Bone) software locked
change switch state (True, False)
-------------------------- close F () result=[(True, False)]
action=close, ok=True, locked=[True]
open ('D',) {}
open name=D desc=---
checking ownership. requestor=129.138.12.137
check software interlocks D
interlocks []
actuate state mode=None-script, software_lock=False
doing actuation None-script open_channel False
Open D ===>> OK
GetPercentOutput ===>> 0.0
GetSetpoint ===>> 0.0
GetIndicatorState D ===>> OK
change switch state (True, True)
update switch state D True args=() kw={} ncanvase=5
GetProcessValue ===>> 312.0
response t=0.000777006149292, out=0, setpoint=0, response=312.0
20:24:26 -- OPEN   VALVE-D (Bone to CO2 Laser)
-------------------------- open D () result=[(True, True)]
action=open, ok=True, locked=[False]
close ('J',) {}
close name=J desc=---
checking ownership. requestor=129.138.12.137
check software interlocks J
interlocks []
actuate state mode=None-script, software_lock=False
doing actuation None-script close_channel False
Close J ===>> OK
GetIndicatorState J ===>> False
change switch state (True, True)
update switch state J False args=() kw={} ncanvase=5
20:24:26 -- CLOSE  VALVE-J (Bone to APIS)
-------------------------- close J () result=[(True, True)]
action=close, ok=True, locked=[False]
close ('FC',) {}
close name=FC desc=---
checking ownership. requestor=129.138.12.137
check software interlocks FC
interlocks []
actuate state mode=None-script, software_lock=False
doing actuation None-script close_channel True
GetPercentOutput ===>> 0.0
GetSetpoint ===>> 0.0
Close FC ===>> OK
GetProcessValue ===>> 311.0
response t=2.00018405914, out=0, setpoint=0, response=311.0
GetIndicatorState FC ===>> False
change switch state (True, True)
update switch state FC False args=() kw={} ncanvase=5
20:24:28 -- CLOSE  VALVE-FC (Furnace Turbo)
-------------------------- close FC () result=[(True, True)]
action=close, ok=True, locked=[False]
open ('FH',) {}
open name=FH desc=---
checking ownership. requestor=129.138.12.137
check software interlocks FH
interlocks []
actuate state mode=None-script, software_lock=False
doing actuation None-script open_channel False
Open FH ===>> OK
GetIndicatorState FH ===>> OK
change switch state (True, True)
update switch state FH True args=() kw={} ncanvase=5
20:24:29 -- OPEN   VALVE-FH (Furnace Isolation)
-------------------------- open FH () result=[(True, True)]
action=open, ok=True, locked=[False]
Blank Analyis. Not heating Furnace
sleep (720.0,) {}
SLEEP 720.0
block started
WaitControl setup for 720.0  
GetPercentOutput ===>> 0.0
GetSetpoint ===>> 0.0
GetProcessValue ===>> 310.0
response t=4.00419211388, out=0, setpoint=0, response=310.0
GetPercentOutput ===>> 0.0
GetSetpoint ===>> 0.0
GetProcessValue ===>> 309.0
response t=6.00819897652, out=0, setpoint=0, response=309.0
GetPercentOutput ===>> 0.0
GetSetpoint ===>> 0.0
GetProcessValue ===>> 308.0
response t=8.0121819973, out=0, setpoint=0, response=308.0
GetPercentOutput ===>> 0.0
GetSetpoint ===>> 0.0
GetProcessValue ===>> 307.0
response t=10.016160965, out=0, setpoint=0, response=307.0
GetPercentOutput ===>> 0.0
GetSetpoint ===>> 0.0
GetProcessValue ===>> 306.0
response t=12.0201480389, out=0, setpoint=0, response=306.0
GetPercentOutput ===>> 0.0
GetSetpoint ===>> 0.0
GetProcessValue ===>> 305.0
response t=14.0240871906, out=0, setpoint=0, response=305.0
GetPercentOutput ===>> 0.0
GetSetpoint ===>> 0.0
GetProcessValue ===>> 303.0
response t=16.0233521461, out=0, setpoint=0, response=303.0
GetPercentOutput ===>> 0.0
GetSetpoint ===>> 0.0
GetProcessValue ===>> 302.0
response t=18.0266339779, out=0, setpoint=0, response=302.0
GetPercentOutput ===>> 0.0
GetSetpoint ===>> 0.0
GetProcessValue ===>> 301.0
response t=20.0265181065, out=0, setpoint=0, response=301.0
GetPercentOutput ===>> 0.0
GetSetpoint ===>> 0.0
GetProcessValue ===>> 300.0
response t=22.0304701328, out=0, setpoint=0, response=300.0
GetPercentOutput ===>> 0.0
GetSetpoint ===>> 0.0
GetProcessValue ===>> 299.0
response t=24.0329020023, out=0, setpoint=0, response=299.0
GetPercentOutput ===>> 0.0
GetSetpoint ===>> 0.0
GetProcessValue ===>> 298.0
response t=26.0336101055, out=0, setpoint=0, response=298.0
GetPercentOutput ===>> 0.0
GetSetpoint ===>> 0.0
GetProcessValue ===>> 297.0
response t=28.0352861881, out=0, setpoint=0, response=297.0
GetPercentOutput ===>> 0.0
GetSetpoint ===>> 0.0
GetProcessValue ===>> 296.0
response t=30.0392751694, out=0, setpoint=0, response=296.0
GetPercentOutput ===>> 0.0
GetSetpoint ===>> 0.0
GetProcessValue ===>> 295.0
response t=32.0414559841, out=0, setpoint=0, response=295.0
GetPercentOutput ===>> 0.0
GetSetpoint ===>> 0.0
GetProcessValue ===>> 294.0
response t=34.0432031155, out=0, setpoint=0, response=294.0
GetPercentOutput ===>> 0.0
GetSetpoint ===>> 0.0
GetProcessValue ===>> 293.0
response t=36.046503067, out=0, setpoint=0, response=293.0
set setpoint=800.0
setting pid parameters for 800.0
{"pid": "HO,35;XP,250;TI,60;TD,10", "command": "SetPID"} ===>> OK
{"setpoint": 800.0, "command": "SetSetpoint"} ===>> OK
GetPercentOutput ===>> 35.0
GetSetpoint ===>> 800.0
GetProcessValue ===>> 292.0
response t=38.0490109921, out=35.0, setpoint=800.0, response=292.0
GetPercentOutput ===>> 35.0
GetSetpoint ===>> 800.0
GetProcessValue ===>> 291.0
response t=40.0523161888, out=35.0, setpoint=800.0, response=291.0
GetPercentOutput ===>> 35.0
GetSetpoint ===>> 800.0
GetProcessValue ===>> 291.0
response t=42.0543441772, out=35.0, setpoint=800.0, response=291.0
GetPercentOutput ===>> 35.0
GetSetpoint ===>> 800.0
GetProcessValue ===>> 292.0
response t=44.0546071529, out=35.0, setpoint=800.0, response=292.0
GetPercentOutput ===>> 35.0
GetSetpoint ===>> 800.0
GetProcessValue ===>> 293.0
response t=46.058396101, out=35.0, setpoint=800.0, response=293.0
GetPercentOutput ===>> 35.0
GetSetpoint ===>> 800.0
GetProcessValue ===>> 297.0
response t=48.0604300499, out=35.0, setpoint=800.0, response=297.0
GetPercentOutput ===>> 35.0
GetSetpoint ===>> 800.0
GetProcessValue ===>> 303.0
response t=50.0604400635, out=35.0, setpoint=800.0, response=303.0
GetPercentOutput ===>> 35.0
GetSetpoint ===>> 800.0
GetProcessValue ===>> 313.0
response t=52.0644330978, out=35.0, setpoint=800.0, response=313.0
GetPercentOutput ===>> 35.0
GetSetpoint ===>> 800.0
GetProcessValue ===>> 328.0
response t=54.0664970875, out=35.0, setpoint=800.0, response=328.0
set setpoint=0.0
setting pid parameters for 0.0
{"pid": "HO,10;XP,10;TI,48;TD,8", "command": "SetPID"} ===>> OK
{"setpoint": 0.0, "command": "SetSetpoint"} ===>> OK
GetPercentOutput ===>> 0.0
GetSetpoint ===>> 0.0
GetProcessValue ===>> 348.0
response t=56.0675530434, out=0, setpoint=0, response=348.0
GetPercentOutput ===>> 0.0
GetSetpoint ===>> 0.0
GetProcessValue ===>> 373.0
response t=58.0667130947, out=0, setpoint=0, response=373.0
GetPercentOutput ===>> 0.0
GetSetpoint ===>> 0.0
GetProcessValue ===>> 388.0
response t=60.0697059631, out=0, setpoint=0, response=388.0
GetPercentOutput ===>> 0.0
GetSetpoint ===>> 0.0
GetProcessValue ===>> 398.0
response t=62.0737090111, out=0, setpoint=0, response=398.0
GetPercentOutput ===>> 0.0
GetSetpoint ===>> 0.0
GetProcessValue ===>> 403.0
response t=64.0766670704, out=0, setpoint=0, response=403.0
GetPercentOutput ===>> 0.0
GetSetpoint ===>> 0.0
GetProcessValue ===>> 405.0
response t=66.0783910751, out=0, setpoint=0, response=405.0
GetPercentOutput ===>> 0.0
GetSetpoint ===>> 0.0
GetProcessValue ===>> 405.0
response t=68.0803911686, out=0, setpoint=0, response=405.0
GetPercentOutput ===>> 0.0
GetSetpoint ===>> 0.0
GetProcessValue ===>> 404.0
response t=70.0826170444, out=0, setpoint=0, response=404.0
GetPercentOutput ===>> 0.0
GetSetpoint ===>> 0.0
GetProcessValue ===>> 403.0
response t=72.0817229748, out=0, setpoint=0, response=403.0
set states for children of FC. state=True
handle state [('FC', True)]
update switch state FC True args=() kw={'refresh': False} ncanvase=5
refresh_canvas_needed fired
GetPercentOutput ===>> 0.0
GetSetpoint ===>> 0.0
GetProcessValue ===>> 402.0
response t=74.0854270458, out=0, setpoint=0, response=402.0
GetPercentOutput ===>> 0.0
GetSetpoint ===>> 0.0
GetProcessValue ===>> 400.0
response t=76.0888249874, out=0, setpoint=0, response=400.0
GetPercentOutput ===>> 0.0
GetSetpoint ===>> 0.0
GetProcessValue ===>> 398.0
response t=78.0908610821, out=0, setpoint=0, response=398.0
GetPercentOutput ===>> 0.0
GetSetpoint ===>> 0.0
GetProcessValue ===>> 396.0
response t=80.0929090977, out=0, setpoint=0, response=396.0
GetPercentOutput ===>> 0.0
GetSetpoint ===>> 0.0
GetProcessValue ===>> 394.0
response t=82.0929510593, out=0, setpoint=0, response=394.0
GetPercentOutput ===>> 0.0
GetSetpoint ===>> 0.0
GetProcessValue ===>> 392.0
response t=84.095788002, out=0, setpoint=0, response=392.0
GetPercentOutput ===>> 0.0
GetSetpoint ===>> 0.0
GetProcessValue ===>> 391.0
response t=86.0989971161, out=0, setpoint=0, response=391.0
GetPercentOutput ===>> 0.0
GetSetpoint ===>> 0.0
GetProcessValue ===>> 389.0
response t=88.0983891487, out=0, setpoint=0, response=389.0
GetPercentOutput ===>> 0.0
GetSetpoint ===>> 0.0
GetProcessValue ===>> 387.0
response t=90.0982410908, out=0, setpoint=0, response=387.0
GetPercentOutput ===>> 0.0
GetSetpoint ===>> 0.0
GetProcessValue ===>> 386.0
response t=92.1021780968, out=0, setpoint=0, response=386.0
GetPercentOutput ===>> 0.0
GetSetpoint ===>> 0.0
GetProcessValue ===>> 384.0
response t=94.1061229706, out=0, setpoint=0, response=384.0
GetPercentOutput ===>> 0.0
GetSetpoint ===>> 0.0
GetProcessValue ===>> 382.0
response t=96.1065700054, out=0, setpoint=0, response=382.0
GetPercentOutput ===>> 0.0
GetSetpoint ===>> 0.0
GetProcessValue ===>> 381.0
response t=98.1081111431, out=0, setpoint=0, response=381.0
GetPercentOutput ===>> 0.0
GetSetpoint ===>> 0.0
GetProcessValue ===>> 380.0
response t=100.109184027, out=0, setpoint=0, response=380.0
GetPercentOutput ===>> 0.0
GetSetpoint ===>> 0.0
GetProcessValue ===>> 378.0
response t=102.112714052, out=0, setpoint=0, response=378.0
GetPercentOutput ===>> 0.0
GetSetpoint ===>> 0.0
GetProcessValue ===>> 377.0
response t=104.116804123, out=0, setpoint=0, response=377.0
GetPercentOutput ===>> 0.0
GetSetpoint ===>> 0.0
GetProcessValue ===>> 375.0
response t=106.11810708, out=0, setpoint=0, response=375.0
GetPercentOutput ===>> 0.0
GetSetpoint ===>> 0.0
GetProcessValue ===>> 374.0
response t=108.118280172, out=0, setpoint=0, response=374.0
GetPercentOutput ===>> 0.0
GetSetpoint ===>> 0.0
GetProcessValue ===>> 373.0
response t=110.11830616, out=0, setpoint=0, response=373.0
GetPercentOutput ===>> 0.0
GetSetpoint ===>> 0.0
GetProcessValue ===>> 371.0
response t=112.122207165, out=0, setpoint=0, response=371.0
GetPercentOutput ===>> 0.0
GetSetpoint ===>> 0.0
GetProcessValue ===>> 370.0
response t=114.125797033, out=0, setpoint=0, response=370.0
GetPercentOutput ===>> 0.0
GetSetpoint ===>> 0.0
GetProcessValue ===>> 369.0
response t=116.124847174, out=0, setpoint=0, response=369.0
GetPercentOutput ===>> 0.0
GetSetpoint ===>> 0.0
GetProcessValue ===>> 367.0
response t=118.128470182, out=0, setpoint=0, response=367.0
GetPercentOutput ===>> 0.0
GetSetpoint ===>> 0.0
GetProcessValue ===>> 366.0
response t=120.129949093, out=0, setpoint=0, response=366.0
GetPercentOutput ===>> 0.0
GetSetpoint ===>> 0.0
GetProcessValue ===>> 365.0
response t=122.13274312, out=0, setpoint=0, response=365.0
GetPercentOutput ===>> 0.0
GetSetpoint ===>> 0.0
GetProcessValue ===>> 364.0
response t=124.136732101, out=0, setpoint=0, response=364.0
GetPercentOutput ===>> 0.0
GetSetpoint ===>> 0.0
GetProcessValue ===>> 363.0
response t=126.139554977, out=0, setpoint=0, response=363.0
GetPercentOutput ===>> 0.0
GetSetpoint ===>> 0.0
GetProcessValue ===>> 361.0
response t=128.13874197, out=0, setpoint=0, response=361.0
GetPercentOutput ===>> 0.0
GetSetpoint ===>> 0.0
GetProcessValue ===>> 360.0
response t=130.140218973, out=0, setpoint=0, response=360.0
GetPercentOutput ===>> 0.0
GetSetpoint ===>> 0.0
GetProcessValue ===>> 359.0
response t=132.144206047, out=0, setpoint=0, response=359.0
GetPercentOutput ===>> 0.0
GetSetpoint ===>> 0.0
GetProcessValue ===>> 358.0
response t=134.147684097, out=0, setpoint=0, response=358.0
GetPercentOutput ===>> 0.0
GetSetpoint ===>> 0.0
GetProcessValue ===>> 356.0
response t=136.149715185, out=0, setpoint=0, response=356.0
GetPercentOutput ===>> 0.0
GetSetpoint ===>> 0.0
GetProcessValue ===>> 355.0
response t=138.148856163, out=0, setpoint=0, response=355.0
GetPercentOutput ===>> 0.0
GetSetpoint ===>> 0.0
GetProcessValue ===>> 354.0
response t=140.14804101, out=0, setpoint=0, response=354.0
GetPercentOutput ===>> 0.0
GetSetpoint ===>> 0.0
GetProcessValue ===>> 353.0
response t=142.151987076, out=0, setpoint=0, response=353.0
GetPercentOutput ===>> 0.0
GetSetpoint ===>> 0.0
GetProcessValue ===>> 352.0
response t=144.155945063, out=0, setpoint=0, response=352.0
GetPercentOutput ===>> 0.0
GetSetpoint ===>> 0.0
GetProcessValue ===>> 350.0
response t=146.159846067, out=0, setpoint=0, response=350.0
GetPercentOutput ===>> 0.0
GetSetpoint ===>> 0.0
GetProcessValue ===>> 349.0
response t=148.163521051, out=0, setpoint=0, response=349.0
GetPercentOutput ===>> 0.0
GetSetpoint ===>> 0.0
GetProcessValue ===>> 348.0
response t=150.163901091, out=0, setpoint=0, response=348.0
GetPercentOutput ===>> 0.0
GetSetpoint ===>> 0.0
GetProcessValue ===>> 347.0
response t=152.16446209, out=0, setpoint=0, response=347.0
GetPercentOutput ===>> 0.0
GetSetpoint ===>> 0.0
GetProcessValue ===>> 345.0
response t=154.167973995, out=0, setpoint=0, response=345.0
GetPercentOutput ===>> 0.0
GetSetpoint ===>> 0.0
GetProcessValue ===>> 344.0
response t=156.169999123, out=0, setpoint=0, response=344.0
GetPercentOutput ===>> 0.0
GetSetpoint ===>> 0.0
GetProcessValue ===>> 343.0
response t=158.171426058, out=0, setpoint=0, response=343.0
GetPercentOutput ===>> 0.0
GetSetpoint ===>> 0.0
GetProcessValue ===>> 342.0
response t=160.174055099, out=0, setpoint=0, response=342.0
GetPercentOutput ===>> 0.0
GetSetpoint ===>> 0.0
GetProcessValue ===>> 341.0
response t=162.176120043, out=0, setpoint=0, response=341.0
GetPercentOutput ===>> 0.0
GetSetpoint ===>> 0.0
GetProcessValue ===>> 340.0
response t=164.177042961, out=0, setpoint=0, response=340.0
GetPercentOutput ===>> 0.0
GetSetpoint ===>> 0.0
GetProcessValue ===>> 338.0
response t=166.176162004, out=0, setpoint=0, response=338.0
GetPercentOutput ===>> 0.0
GetSetpoint ===>> 0.0
GetProcessValue ===>> 337.0
response t=168.176866055, out=0, setpoint=0, response=337.0
GetPercentOutput ===>> 0.0
GetSetpoint ===>> 0.0
GetProcessValue ===>> 336.0
response t=170.176860094, out=0, setpoint=0, response=336.0
GetPercentOutput ===>> 0.0
GetSetpoint ===>> 0.0
GetProcessValue ===>> 335.0
response t=172.176786184, out=0, setpoint=0, response=335.0
GetPercentOutput ===>> 0.0
GetSetpoint ===>> 0.0
GetProcessValue ===>> 334.0
response t=174.176725149, out=0, setpoint=0, response=334.0
GetPercentOutput ===>> 0.0
GetSetpoint ===>> 0.0
GetProcessValue ===>> 333.0
response t=176.176826, out=0, setpoint=0, response=333.0
GetPercentOutput ===>> 0.0
GetSetpoint ===>> 0.0
GetProcessValue ===>> 331.0
response t=178.176619053, out=0, setpoint=0, response=331.0
GetPercentOutput ===>> 0.0
GetSetpoint ===>> 0.0
GetProcessValue ===>> 330.0
response t=180.176668167, out=0, setpoint=0, response=330.0
GetPercentOutput ===>> 0.0
GetSetpoint ===>> 0.0
GetProcessValue ===>> 329.0
response t=182.17653203, out=0, setpoint=0, response=329.0
GetPercentOutput ===>> 0.0
GetSetpoint ===>> 0.0
GetProcessValue ===>> 328.0
response t=184.176598072, out=0, setpoint=0, response=328.0
GetPercentOutput ===>> 0.0
GetSetpoint ===>> 0.0
GetProcessValue ===>> 327.0
response t=186.175971985, out=0, setpoint=0, response=327.0
GetPercentOutput ===>> 0.0
GetSetpoint ===>> 0.0
GetProcessValue ===>> 326.0
response t=188.176445961, out=0, setpoint=0, response=326.0
GetPercentOutput ===>> 0.0
GetSetpoint ===>> 0.0
GetProcessValue ===>> 325.0
response t=190.17645812, out=0, setpoint=0, response=325.0
GetPercentOutput ===>> 0.0
GetSetpoint ===>> 0.0
GetProcessValue ===>> 323.0
response t=192.176520109, out=0, setpoint=0, response=323.0
GetPercentOutput ===>> 0.0
GetSetpoint ===>> 0.0
GetProcessValue ===>> 322.0
response t=194.180397987, out=0, setpoint=0, response=322.0
GetPercentOutput ===>> 0.0
GetSetpoint ===>> 0.0
GetProcessValue ===>> 321.0
response t=196.184342146, out=0, setpoint=0, response=321.0
GetPercentOutput ===>> 0.0
GetSetpoint ===>> 0.0
GetProcessValue ===>> 320.0
response t=198.188330173, out=0, setpoint=0, response=320.0
GetPercentOutput ===>> 0.0
GetSetpoint ===>> 0.0
GetProcessValue ===>> 319.0
response t=200.192242146, out=0, setpoint=0, response=319.0
GetPercentOutput ===>> 0.0
GetSetpoint ===>> 0.0
GetProcessValue ===>> 318.0
response t=202.193897963, out=0, setpoint=0, response=318.0
GetPercentOutput ===>> 0.0
GetSetpoint ===>> 0.0
GetProcessValue ===>> 317.0
response t=204.197842121, out=0, setpoint=0, response=317.0
GetPercentOutput ===>> 0.0
GetSetpoint ===>> 0.0
GetProcessValue ===>> 316.0
response t=206.200423956, out=0, setpoint=0, response=316.0
GetPercentOutput ===>> 0.0
GetSetpoint ===>> 0.0
GetProcessValue ===>> 315.0
response t=208.200142145, out=0, setpoint=0, response=315.0
GetPercentOutput ===>> 0.0
GetSetpoint ===>> 0.0
GetProcessValue ===>> 313.0
response t=210.200409174, out=0, setpoint=0, response=313.0
GetPercentOutput ===>> 0.0
GetSetpoint ===>> 0.0
GetProcessValue ===>> 312.0
response t=212.199489117, out=0, setpoint=0, response=312.0
GetPercentOutput ===>> 0.0
GetSetpoint ===>> 0.0
GetProcessValue ===>> 311.0
response t=214.202886105, out=0, setpoint=0, response=311.0
GetPercentOutput ===>> 0.0
GetSetpoint ===>> 0.0
GetProcessValue ===>> 310.0
response t=216.20689702, out=0, setpoint=0, response=310.0
GetPercentOutput ===>> 0.0
GetSetpoint ===>> 0.0
GetProcessValue ===>> 309.0
response t=218.210880041, out=0, setpoint=0, response=309.0
GetPercentOutput ===>> 0.0
GetSetpoint ===>> 0.0
GetProcessValue ===>> 308.0
response t=220.212985992, out=0, setpoint=0, response=308.0
GetPercentOutput ===>> 0.0
GetSetpoint ===>> 0.0
GetProcessValue ===>> 307.0
response t=222.216920137, out=0, setpoint=0, response=307.0
GetPercentOutput ===>> 0.0
GetSetpoint ===>> 0.0
GetProcessValue ===>> 306.0
response t=224.216257095, out=0, setpoint=0, response=306.0
GetPercentOutput ===>> 0.0
GetSetpoint ===>> 0.0
GetProcessValue ===>> 305.0
response t=226.218466043, out=0, setpoint=0, response=305.0
GetPercentOutput ===>> 0.0
GetSetpoint ===>> 0.0
GetProcessValue ===>> 304.0
response t=228.220204115, out=0, setpoint=0, response=304.0
GetPercentOutput ===>> 0.0
GetSetpoint ===>> 0.0
GetProcessValue ===>> 303.0
response t=230.224192142, out=0, setpoint=0, response=303.0
GetPercentOutput ===>> 0.0
GetSetpoint ===>> 0.0
GetProcessValue ===>> 302.0
response t=232.228192091, out=0, setpoint=0, response=302.0
GetPercentOutput ===>> 0.0
GetSetpoint ===>> 0.0
GetProcessValue ===>> 301.0
response t=234.22876811, out=0, setpoint=0, response=301.0
GetPercentOutput ===>> 0.0
GetSetpoint ===>> 0.0
GetProcessValue ===>> 300.0
response t=236.22863102, out=0, setpoint=0, response=300.0
GetPercentOutput ===>> 0.0
GetSetpoint ===>> 0.0
GetProcessValue ===>> 299.0
response t=238.232634068, out=0, setpoint=0, response=299.0
GetPercentOutput ===>> 0.0
GetSetpoint ===>> 0.0
GetProcessValue ===>> 298.0
response t=240.233039141, out=0, setpoint=0, response=298.0
GetPercentOutput ===>> 0.0
GetSetpoint ===>> 0.0
GetProcessValue ===>> 297.0
response t=242.234233141, out=0, setpoint=0, response=297.0
GetPercentOutput ===>> 0.0
GetSetpoint ===>> 0.0
GetProcessValue ===>> 296.0
response t=244.235537052, out=0, setpoint=0, response=296.0
GetPercentOutput ===>> 0.0
GetSetpoint ===>> 0.0
GetProcessValue ===>> 295.0
response t=246.238821983, out=0, setpoint=0, response=295.0
GetPercentOutput ===>> 0.0
GetSetpoint ===>> 0.0
GetProcessValue ===>> 294.0
response t=248.237979174, out=0, setpoint=0, response=294.0
GetPercentOutput ===>> 0.0
GetSetpoint ===>> 0.0
GetProcessValue ===>> 293.0
response t=250.241997957, out=0, setpoint=0, response=293.0
GetPercentOutput ===>> 0.0
GetSetpoint ===>> 0.0
GetProcessValue ===>> 292.0
response t=252.244101048, out=0, setpoint=0, response=292.0
GetPercentOutput ===>> 0.0
GetSetpoint ===>> 0.0
GetProcessValue ===>> 291.0
response t=254.247411966, out=0, setpoint=0, response=291.0
GetPercentOutput ===>> 0.0
GetSetpoint ===>> 0.0
GetProcessValue ===>> 290.0
response t=256.248996973, out=0, setpoint=0, response=290.0
GetPercentOutput ===>> 0.0
GetSetpoint ===>> 0.0
GetProcessValue ===>> 289.0
response t=258.250421047, out=0, setpoint=0, response=289.0
GetPercentOutput ===>> 0.0
GetSetpoint ===>> 0.0
GetProcessValue ===>> 288.0
response t=260.254398108, out=0, setpoint=0, response=288.0
GetPercentOutput ===>> 0.0
GetSetpoint ===>> 0.0
GetProcessValue ===>> 287.0
response t=262.258427143, out=0, setpoint=0, response=287.0
GetPercentOutput ===>> 0.0
GetSetpoint ===>> 0.0
GetProcessValue ===>> 286.0
response t=264.262364149, out=0, setpoint=0, response=286.0
GetPercentOutput ===>> 0.0
GetSetpoint ===>> 0.0
GetProcessValue ===>> 285.0
response t=266.264958143, out=0, setpoint=0, response=285.0
GetPercentOutput ===>> 0.0
GetSetpoint ===>> 0.0
GetProcessValue ===>> 284.0
response t=268.268165112, out=0, setpoint=0, response=284.0
GetPercentOutput ===>> 0.0
GetSetpoint ===>> 0.0
GetProcessValue ===>> 283.0
response t=270.269052029, out=0, setpoint=0, response=283.0
GetPercentOutput ===>> 0.0
GetSetpoint ===>> 0.0
GetProcessValue ===>> 282.0
response t=272.270051003, out=0, setpoint=0, response=282.0
GetPercentOutput ===>> 0.0
GetSetpoint ===>> 0.0
GetProcessValue ===>> 281.0
response t=274.27305007, out=0, setpoint=0, response=281.0
GetPercentOutput ===>> 0.0
GetSetpoint ===>> 0.0
GetProcessValue ===>> 280.0
response t=276.27502799, out=0, setpoint=0, response=280.0
GetPercentOutput ===>> 0.0
GetSetpoint ===>> 0.0
GetProcessValue ===>> 279.0
response t=278.274780035, out=0, setpoint=0, response=279.0
GetPercentOutput ===>> 0.0
GetSetpoint ===>> 0.0
GetProcessValue ===>> 278.0
response t=280.274147987, out=0, setpoint=0, response=278.0
GetPercentOutput ===>> 0.0
GetSetpoint ===>> 0.0
GetProcessValue ===>> 277.0
response t=282.274943113, out=0, setpoint=0, response=277.0
GetPercentOutput ===>> 0.0
GetSetpoint ===>> 0.0
GetProcessValue ===>> 276.0
response t=284.278366089, out=0, setpoint=0, response=276.0
GetPercentOutput ===>> 0.0
GetSetpoint ===>> 0.0
GetProcessValue ===>> 276.0
response t=286.279570103, out=0, setpoint=0, response=276.0
set states for children of FC. state=False
handle state [('FC', False)]
update switch state FC False args=() kw={'refresh': False} ncanvase=5
refresh_canvas_needed fired
GetPercentOutput ===>> 0.0
GetSetpoint ===>> 0.0
GetProcessValue ===>> 275.0
response t=288.279491186, out=0, setpoint=0, response=275.0
GetPercentOutput ===>> 0.0
GetSetpoint ===>> 0.0
GetProcessValue ===>> 274.0
response t=290.283481121, out=0, setpoint=0, response=274.0
GetPercentOutput ===>> 0.0
GetSetpoint ===>> 0.0
GetProcessValue ===>> 273.0
response t=292.287484169, out=0, setpoint=0, response=273.0
GetPercentOutput ===>> 0.0
GetSetpoint ===>> 0.0
GetProcessValue ===>> 272.0
response t=294.291495085, out=0, setpoint=0, response=272.0
GetPercentOutput ===>> 0.0
GetSetpoint ===>> 0.0
GetProcessValue ===>> 271.0
response t=296.294363022, out=0, setpoint=0, response=271.0
GetPercentOutput ===>> 0.0
GetSetpoint ===>> 0.0
GetProcessValue ===>> 270.0
response t=298.297418118, out=0, setpoint=0, response=270.0
GetPercentOutput ===>> 0.0
GetSetpoint ===>> 0.0
GetProcessValue ===>> 269.0
response t=300.29945612, out=0, setpoint=0, response=269.0
GetPercentOutput ===>> 0.0
GetSetpoint ===>> 0.0
GetProcessValue ===>> 268.0
response t=302.298508167, out=0, setpoint=0, response=268.0
GetPercentOutput ===>> 0.0
GetSetpoint ===>> 0.0
GetProcessValue ===>> 267.0
response t=304.302498102, out=0, setpoint=0, response=267.0
GetPercentOutput ===>> 0.0
GetSetpoint ===>> 0.0
GetProcessValue ===>> 267.0
response t=306.30551219, out=0, setpoint=0, response=267.0
GetPercentOutput ===>> 0.0
GetSetpoint ===>> 0.0
GetProcessValue ===>> 266.0
response t=308.305324078, out=0, setpoint=0, response=266.0
GetPercentOutput ===>> 0.0
GetSetpoint ===>> 0.0
GetProcessValue ===>> 265.0
response t=310.308488131, out=0, setpoint=0, response=265.0
GetPercentOutput ===>> 0.0
GetSetpoint ===>> 0.0
GetProcessValue ===>> 264.0
response t=312.311663151, out=0, setpoint=0, response=264.0
GetPercentOutput ===>> 0.0
GetSetpoint ===>> 0.0
GetProcessValue ===>> 263.0
response t=314.311577082, out=0, setpoint=0, response=263.0
GetPercentOutput ===>> 0.0
GetSetpoint ===>> 0.0
GetProcessValue ===>> 262.0
response t=316.313905001, out=0, setpoint=0, response=262.0
GetPercentOutput ===>> 0.0
GetSetpoint ===>> 0.0
GetProcessValue ===>> 261.0
response t=318.315523148, out=0, setpoint=0, response=261.0
GetPercentOutput ===>> 0.0
GetSetpoint ===>> 0.0
GetProcessValue ===>> 261.0
response t=320.317397118, out=0, setpoint=0, response=261.0
GetPercentOutput ===>> 0.0
GetSetpoint ===>> 0.0
GetProcessValue ===>> 260.0
response t=322.319477081, out=0, setpoint=0, response=260.0
GetPercentOutput ===>> 0.0
GetSetpoint ===>> 0.0
GetProcessValue ===>> 259.0
response t=324.323460102, out=0, setpoint=0, response=259.0
GetPercentOutput ===>> 0.0
GetSetpoint ===>> 0.0
GetProcessValue ===>> 258.0
response t=326.325798988, out=0, setpoint=0, response=258.0
GetPercentOutput ===>> 0.0
GetSetpoint ===>> 0.0
GetProcessValue ===>> 257.0
response t=328.325733185, out=0, setpoint=0, response=257.0
GetPercentOutput ===>> 0.0
GetSetpoint ===>> 0.0
GetProcessValue ===>> 256.0
response t=330.329763174, out=0, setpoint=0, response=256.0
GetPercentOutput ===>> 0.0
GetSetpoint ===>> 0.0
GetProcessValue ===>> 256.0
response t=332.33190608, out=0, setpoint=0, response=256.0
GetPercentOutput ===>> 0.0
GetSetpoint ===>> 0.0
GetProcessValue ===>> 255.0
response t=334.333909988, out=0, setpoint=0, response=255.0
GetPercentOutput ===>> 0.0
GetSetpoint ===>> 0.0
GetProcessValue ===>> 254.0
response t=336.333950043, out=0, setpoint=0, response=254.0
GetPercentOutput ===>> 0.0
GetSetpoint ===>> 0.0
GetProcessValue ===>> 253.0
response t=338.335947037, out=0, setpoint=0, response=253.0
GetPercentOutput ===>> 0.0
GetSetpoint ===>> 0.0
GetProcessValue ===>> 252.0
response t=340.339940071, out=0, setpoint=0, response=252.0
GetPercentOutput ===>> 0.0
GetSetpoint ===>> 0.0
GetProcessValue ===>> 252.0
response t=342.342054129, out=0, setpoint=0, response=252.0
GetPercentOutput ===>> 0.0
GetSetpoint ===>> 0.0
GetProcessValue ===>> 251.0
response t=344.344088078, out=0, setpoint=0, response=251.0
GetPercentOutput ===>> 0.0
GetSetpoint ===>> 0.0
GetProcessValue ===>> 250.0
response t=346.343121052, out=0, setpoint=0, response=250.0
GetPercentOutput ===>> 0.0
GetSetpoint ===>> 0.0
GetProcessValue ===>> 249.0
response t=348.345503092, out=0, setpoint=0, response=249.0
GetPercentOutput ===>> 0.0
GetSetpoint ===>> 0.0
GetProcessValue ===>> 249.0
response t=350.349490166, out=0, setpoint=0, response=249.0
GetPercentOutput ===>> 0.0
GetSetpoint ===>> 0.0
GetProcessValue ===>> 248.0
response t=352.352226019, out=0, setpoint=0, response=248.0
GetPercentOutput ===>> 0.0
GetSetpoint ===>> 0.0
GetProcessValue ===>> 247.0
response t=354.354192972, out=0, setpoint=0, response=247.0
GetPercentOutput ===>> 0.0
GetSetpoint ===>> 0.0
GetProcessValue ===>> 246.0
response t=356.356250048, out=0, setpoint=0, response=246.0
GetPercentOutput ===>> 0.0
GetSetpoint ===>> 0.0
GetProcessValue ===>> 245.0
response t=358.356263161, out=0, setpoint=0, response=245.0
GetPercentOutput ===>> 0.0
GetSetpoint ===>> 0.0
GetProcessValue ===>> 245.0
response t=360.359312057, out=0, setpoint=0, response=245.0
GetPercentOutput ===>> 0.0
GetSetpoint ===>> 0.0
GetProcessValue ===>> 244.0
response t=362.360030174, out=0, setpoint=0, response=244.0
GetPercentOutput ===>> 0.0
GetSetpoint ===>> 0.0
GetProcessValue ===>> 243.0
response t=364.360782146, out=0, setpoint=0, response=243.0
GetPercentOutput ===>> 0.0
GetSetpoint ===>> 0.0
GetProcessValue ===>> 242.0
response t=366.361083984, out=0, setpoint=0, response=242.0
GetPercentOutput ===>> 0.0
GetSetpoint ===>> 0.0
GetProcessValue ===>> 242.0
response t=368.365081072, out=0, setpoint=0, response=242.0
GetPercentOutput ===>> 0.0
GetSetpoint ===>> 0.0
GetProcessValue ===>> 241.0
response t=370.3673141, out=0, setpoint=0, response=241.0
GetPercentOutput ===>> 0.0
GetSetpoint ===>> 0.0
GetProcessValue ===>> 240.0
response t=372.367042065, out=0, setpoint=0, response=240.0
GetPercentOutput ===>> 0.0
GetSetpoint ===>> 0.0
GetProcessValue ===>> 239.0
response t=374.367648125, out=0, setpoint=0, response=239.0
GetPercentOutput ===>> 0.0
GetSetpoint ===>> 0.0
GetProcessValue ===>> 239.0
response t=376.371253967, out=0, setpoint=0, response=239.0
GetPercentOutput ===>> 0.0
GetSetpoint ===>> 0.0
GetProcessValue ===>> 238.0
response t=378.373320103, out=0, setpoint=0, response=238.0
GetPercentOutput ===>> 0.0
GetSetpoint ===>> 0.0
GetProcessValue ===>> 237.0
response t=380.373281002, out=0, setpoint=0, response=237.0
GetPercentOutput ===>> 0.0
GetSetpoint ===>> 0.0
GetProcessValue ===>> 237.0
response t=382.378616095, out=0, setpoint=0, response=237.0
GetPercentOutput ===>> 0.0
GetSetpoint ===>> 0.0
GetProcessValue ===>> 236.0
response t=384.383936167, out=0, setpoint=0, response=236.0
GetPercentOutput ===>> 0.0
GetSetpoint ===>> 0.0
GetProcessValue ===>> 235.0
response t=386.386700153, out=0, setpoint=0, response=235.0
GetPercentOutput ===>> 0.0
GetSetpoint ===>> 0.0
GetProcessValue ===>> 234.0
response t=388.386710167, out=0, setpoint=0, response=234.0
GetPercentOutput ===>> 0.0
GetSetpoint ===>> 0.0
GetProcessValue ===>> 234.0
response t=390.385941982, out=0, setpoint=0, response=234.0
GetPercentOutput ===>> 0.0
GetSetpoint ===>> 0.0
GetProcessValue ===>> 233.0
response t=392.390832186, out=0, setpoint=0, response=233.0
GetPercentOutput ===>> 0.0
GetSetpoint ===>> 0.0
GetProcessValue ===>> 232.0
response t=394.394829988, out=0, setpoint=0, response=232.0
GetPercentOutput ===>> 0.0
GetSetpoint ===>> 0.0
GetProcessValue ===>> 232.0
response t=396.396196127, out=0, setpoint=0, response=232.0
GetPercentOutput ===>> 0.0
GetSetpoint ===>> 0.0
GetProcessValue ===>> 231.0
response t=398.396995068, out=0, setpoint=0, response=231.0
GetPercentOutput ===>> 0.0
GetSetpoint ===>> 0.0
GetProcessValue ===>> 230.0
response t=400.397591114, out=0, setpoint=0, response=230.0
GetPercentOutput ===>> 0.0
GetSetpoint ===>> 0.0
GetProcessValue ===>> 230.0
response t=402.400763035, out=0, setpoint=0, response=230.0
GetPercentOutput ===>> 0.0
GetSetpoint ===>> 0.0
GetProcessValue ===>> 229.0
response t=404.401535988, out=0, setpoint=0, response=229.0
GetPercentOutput ===>> 0.0
GetSetpoint ===>> 0.0
GetProcessValue ===>> 228.0
response t=406.404210091, out=0, setpoint=0, response=228.0
GetPercentOutput ===>> 0.0
GetSetpoint ===>> 0.0
GetProcessValue ===>> 227.0
response t=408.407247066, out=0, setpoint=0, response=227.0
GetPercentOutput ===>> 0.0
GetSetpoint ===>> 0.0
GetProcessValue ===>> 227.0
response t=410.411102057, out=0, setpoint=0, response=227.0
GetPercentOutput ===>> 0.0
GetSetpoint ===>> 0.0
GetProcessValue ===>> 226.0
response t=412.41170001, out=0, setpoint=0, response=226.0
GetPercentOutput ===>> 0.0
GetSetpoint ===>> 0.0
GetProcessValue ===>> 225.0
response t=414.415511131, out=0, setpoint=0, response=225.0
GetPercentOutput ===>> 0.0
GetSetpoint ===>> 0.0
GetProcessValue ===>> 225.0
response t=416.417952061, out=0, setpoint=0, response=225.0
GetPercentOutput ===>> 0.0
GetSetpoint ===>> 0.0
GetProcessValue ===>> 224.0
response t=418.418972969, out=0, setpoint=0, response=224.0
GetPercentOutput ===>> 0.0
GetSetpoint ===>> 0.0
GetProcessValue ===>> 224.0
response t=420.424499989, out=0, setpoint=0, response=224.0
GetPercentOutput ===>> 0.0
GetSetpoint ===>> 0.0
GetProcessValue ===>> 223.0
response t=422.426747084, out=0, setpoint=0, response=223.0
GetPercentOutput ===>> 0.0
GetSetpoint ===>> 0.0
GetProcessValue ===>> 222.0
response t=424.427062035, out=0, setpoint=0, response=222.0
GetPercentOutput ===>> 0.0
GetSetpoint ===>> 0.0
GetProcessValue ===>> 222.0
response t=426.427266121, out=0, setpoint=0, response=222.0
GetPercentOutput ===>> 0.0
GetSetpoint ===>> 0.0
GetProcessValue ===>> 221.0
response t=428.427597046, out=0, setpoint=0, response=221.0
GetPercentOutput ===>> 0.0
GetSetpoint ===>> 0.0
GetProcessValue ===>> 220.0
response t=430.428138018, out=0, setpoint=0, response=220.0
GetPercentOutput ===>> 0.0
GetSetpoint ===>> 0.0
GetProcessValue ===>> 220.0
response t=432.430294991, out=0, setpoint=0, response=220.0
GetPercentOutput ===>> 0.0
GetSetpoint ===>> 0.0
GetProcessValue ===>> 219.0
response t=434.43138814, out=0, setpoint=0, response=219.0
GetPercentOutput ===>> 0.0
GetSetpoint ===>> 0.0
GetProcessValue ===>> 218.0
response t=436.432406187, out=0, setpoint=0, response=218.0
GetPercentOutput ===>> 0.0
GetSetpoint ===>> 0.0
GetProcessValue ===>> 218.0
response t=438.432373047, out=0, setpoint=0, response=218.0
GetPercentOutput ===>> 0.0
GetSetpoint ===>> 0.0
GetProcessValue ===>> 217.0
response t=440.436288118, out=0, setpoint=0, response=217.0
GetPercentOutput ===>> 0.0
GetSetpoint ===>> 0.0
GetProcessValue ===>> 216.0
response t=442.438652039, out=0, setpoint=0, response=216.0
GetPercentOutput ===>> 0.0
GetSetpoint ===>> 0.0
GetProcessValue ===>> 216.0
response t=444.439320087, out=0, setpoint=0, response=216.0
GetPercentOutput ===>> 0.0
GetSetpoint ===>> 0.0
GetProcessValue ===>> 215.0
response t=446.439443111, out=0, setpoint=0, response=215.0
GetPercentOutput ===>> 0.0
GetSetpoint ===>> 0.0
GetProcessValue ===>> 215.0
response t=448.443312168, out=0, setpoint=0, response=215.0
GetPercentOutput ===>> 0.0
GetSetpoint ===>> 0.0
GetProcessValue ===>> 214.0
response t=450.447293997, out=0, setpoint=0, response=214.0
GetPercentOutput ===>> 0.0
GetSetpoint ===>> 0.0
GetProcessValue ===>> 213.0
response t=452.451274157, out=0, setpoint=0, response=213.0
GetPercentOutput ===>> 0.0
GetSetpoint ===>> 0.0
GetProcessValue ===>> 213.0
response t=454.455263138, out=0, setpoint=0, response=213.0
GetPercentOutput ===>> 0.0
GetSetpoint ===>> 0.0
GetProcessValue ===>> 212.0
response t=456.45770812, out=0, setpoint=0, response=212.0
GetPercentOutput ===>> 0.0
GetSetpoint ===>> 0.0
GetProcessValue ===>> 211.0
response t=458.457916975, out=0, setpoint=0, response=211.0
GetPercentOutput ===>> 0.0
GetSetpoint ===>> 0.0
GetProcessValue ===>> 211.0
response t=460.461809158, out=0, setpoint=0, response=211.0
GetPercentOutput ===>> 0.0
GetSetpoint ===>> 0.0
GetProcessValue ===>> 210.0
response t=462.461014032, out=0, setpoint=0, response=210.0
GetPercentOutput ===>> 0.0
GetSetpoint ===>> 0.0
GetProcessValue ===>> 210.0
response t=464.464946985, out=0, setpoint=0, response=210.0
GetPercentOutput ===>> 0.0
GetSetpoint ===>> 0.0
GetProcessValue ===>> 209.0
response t=466.467895031, out=0, setpoint=0, response=209.0
GetPercentOutput ===>> 0.0
GetSetpoint ===>> 0.0
GetProcessValue ===>> 208.0
response t=468.471701145, out=0, setpoint=0, response=208.0
GetPercentOutput ===>> 0.0
GetSetpoint ===>> 0.0
GetProcessValue ===>> 208.0
response t=470.470869064, out=0, setpoint=0, response=208.0
GetPercentOutput ===>> 0.0
GetSetpoint ===>> 0.0
GetProcessValue ===>> 207.0
response t=472.47183919, out=0, setpoint=0, response=207.0
GetPercentOutput ===>> 0.0
GetSetpoint ===>> 0.0
GetProcessValue ===>> 207.0
response t=474.471573114, out=0, setpoint=0, response=207.0
GetPercentOutput ===>> 0.0
GetSetpoint ===>> 0.0
GetProcessValue ===>> 206.0
response t=476.471343994, out=0, setpoint=0, response=206.0
GetPercentOutput ===>> 0.0
GetSetpoint ===>> 0.0
GetProcessValue ===>> 206.0
response t=478.471578121, out=0, setpoint=0, response=206.0
GetPercentOutput ===>> 0.0
GetSetpoint ===>> 0.0
GetProcessValue ===>> 205.0
response t=480.473616123, out=0, setpoint=0, response=205.0
GetPercentOutput ===>> 0.0
GetSetpoint ===>> 0.0
GetProcessValue ===>> 204.0
response t=482.477575064, out=0, setpoint=0, response=204.0
GetPercentOutput ===>> 0.0
GetSetpoint ===>> 0.0
GetProcessValue ===>> 204.0
response t=484.478012085, out=0, setpoint=0, response=204.0
GetPercentOutput ===>> 0.0
GetSetpoint ===>> 0.0
GetProcessValue ===>> 203.0
response t=486.482009172, out=0, setpoint=0, response=203.0
GetPercentOutput ===>> 0.0
GetSetpoint ===>> 0.0
GetProcessValue ===>> 203.0
response t=488.482449055, out=0, setpoint=0, response=203.0
GetPercentOutput ===>> 0.0
GetSetpoint ===>> 0.0
GetProcessValue ===>> 202.0
response t=490.486431122, out=0, setpoint=0, response=202.0
GetPercentOutput ===>> 0.0
GetSetpoint ===>> 0.0
GetProcessValue ===>> 202.0
response t=492.490395069, out=0, setpoint=0, response=202.0
GetPercentOutput ===>> 0.0
GetSetpoint ===>> 0.0
GetProcessValue ===>> 201.0
response t=494.494379997, out=0, setpoint=0, response=201.0
GetPercentOutput ===>> 0.0
GetSetpoint ===>> 0.0
GetProcessValue ===>> 201.0
response t=496.494361162, out=0, setpoint=0, response=201.0
GetPercentOutput ===>> 0.0
GetSetpoint ===>> 0.0
GetProcessValue ===>> 200.0
response t=498.498341084, out=0, setpoint=0, response=200.0
GetPercentOutput ===>> 0.0
GetSetpoint ===>> 0.0
GetProcessValue ===>> 199.0
response t=500.502346992, out=0, setpoint=0, response=199.0
GetPercentOutput ===>> 0.0
GetSetpoint ===>> 0.0
GetProcessValue ===>> 199.0
response t=502.504997969, out=0, setpoint=0, response=199.0
GetPercentOutput ===>> 0.0
GetSetpoint ===>> 0.0
GetProcessValue ===>> 198.0
response t=504.50409317, out=0, setpoint=0, response=198.0
GetPercentOutput ===>> 0.0
GetSetpoint ===>> 0.0
GetProcessValue ===>> 198.0
response t=506.505676031, out=0, setpoint=0, response=198.0
GetPercentOutput ===>> 0.0
GetSetpoint ===>> 0.0
GetProcessValue ===>> 197.0
response t=508.508615017, out=0, setpoint=0, response=197.0
GetPercentOutput ===>> 0.0
GetSetpoint ===>> 0.0
GetProcessValue ===>> 197.0
response t=510.512598038, out=0, setpoint=0, response=197.0
GetPercentOutput ===>> 0.0
GetSetpoint ===>> 0.0
GetProcessValue ===>> 196.0
response t=512.514589071, out=0, setpoint=0, response=196.0
GetPercentOutput ===>> 0.0
GetSetpoint ===>> 0.0
GetProcessValue ===>> 196.0
response t=514.516657114, out=0, setpoint=0, response=196.0
GetPercentOutput ===>> 0.0
GetSetpoint ===>> 0.0
GetProcessValue ===>> 195.0
response t=516.516532183, out=0, setpoint=0, response=195.0
GetPercentOutput ===>> 0.0
GetSetpoint ===>> 0.0
GetProcessValue ===>> 195.0
response t=518.518234968, out=0, setpoint=0, response=195.0
GetPercentOutput ===>> 0.0
GetSetpoint ===>> 0.0
GetProcessValue ===>> 194.0
response t=520.522231102, out=0, setpoint=0, response=194.0
GetPercentOutput ===>> 0.0
GetSetpoint ===>> 0.0
GetProcessValue ===>> 193.0
response t=522.524470091, out=0, setpoint=0, response=193.0
GetPercentOutput ===>> 0.0
GetSetpoint ===>> 0.0
GetProcessValue ===>> 193.0
response t=524.523696184, out=0, setpoint=0, response=193.0
GetPercentOutput ===>> 0.0
GetSetpoint ===>> 0.0
GetProcessValue ===>> 192.0
response t=526.524152994, out=0, setpoint=0, response=192.0
GetPercentOutput ===>> 0.0
GetSetpoint ===>> 0.0
GetProcessValue ===>> 192.0
response t=528.528176069, out=0, setpoint=0, response=192.0
GetPercentOutput ===>> 0.0
GetSetpoint ===>> 0.0
GetProcessValue ===>> 191.0
response t=530.52767396, out=0, setpoint=0, response=191.0
GetPercentOutput ===>> 0.0
GetSetpoint ===>> 0.0
GetProcessValue ===>> 191.0
response t=532.53166008, out=0, setpoint=0, response=191.0
GetPercentOutput ===>> 0.0
GetSetpoint ===>> 0.0
GetProcessValue ===>> 190.0
response t=534.53332305, out=0, setpoint=0, response=190.0
GetPercentOutput ===>> 0.0
GetSetpoint ===>> 0.0
GetProcessValue ===>> 190.0
response t=536.536668062, out=0, setpoint=0, response=190.0
GetPercentOutput ===>> 0.0
GetSetpoint ===>> 0.0
GetProcessValue ===>> 189.0
response t=538.538349152, out=0, setpoint=0, response=189.0
GetPercentOutput ===>> 0.0
GetSetpoint ===>> 0.0
GetProcessValue ===>> 189.0
response t=540.537539005, out=0, setpoint=0, response=189.0
GetPercentOutput ===>> 0.0
GetSetpoint ===>> 0.0
GetProcessValue ===>> 188.0
response t=542.539796114, out=0, setpoint=0, response=188.0
GetPercentOutput ===>> 0.0
GetSetpoint ===>> 0.0
GetProcessValue ===>> 188.0
response t=544.539110184, out=0, setpoint=0, response=188.0
GetPercentOutput ===>> 0.0
GetSetpoint ===>> 0.0
GetProcessValue ===>> 187.0
response t=546.543121099, out=0, setpoint=0, response=187.0
GetPercentOutput ===>> 0.0
GetSetpoint ===>> 0.0
GetProcessValue ===>> 187.0
response t=548.547106981, out=0, setpoint=0, response=187.0
GetPercentOutput ===>> 0.0
GetSetpoint ===>> 0.0
GetProcessValue ===>> 186.0
response t=550.55073905, out=0, setpoint=0, response=186.0
GetPercentOutput ===>> 0.0
GetSetpoint ===>> 0.0
GetProcessValue ===>> 186.0
response t=552.554691076, out=0, setpoint=0, response=186.0
GetPercentOutput ===>> 0.0
GetSetpoint ===>> 0.0
GetProcessValue ===>> 185.0
response t=554.557188988, out=0, setpoint=0, response=185.0
GetPercentOutput ===>> 0.0
GetSetpoint ===>> 0.0
GetProcessValue ===>> 185.0
response t=556.559240103, out=0, setpoint=0, response=185.0
GetPercentOutput ===>> 0.0
GetSetpoint ===>> 0.0
GetProcessValue ===>> 184.0
response t=558.560074091, out=0, setpoint=0, response=184.0
GetPercentOutput ===>> 0.0
GetSetpoint ===>> 0.0
GetProcessValue ===>> 184.0
response t=560.56332016, out=0, setpoint=0, response=184.0
GetPercentOutput ===>> 0.0
GetSetpoint ===>> 0.0
GetProcessValue ===>> 183.0
response t=562.565354109, out=0, setpoint=0, response=183.0
GetPercentOutput ===>> 0.0
GetSetpoint ===>> 0.0
GetProcessValue ===>> 183.0
response t=564.567378998, out=0, setpoint=0, response=183.0
GetPercentOutput ===>> 0.0
GetSetpoint ===>> 0.0
GetProcessValue ===>> 182.0
response t=566.569442987, out=0, setpoint=0, response=182.0
GetPercentOutput ===>> 0.0
GetSetpoint ===>> 0.0
GetProcessValue ===>> 182.0
response t=568.570037127, out=0, setpoint=0, response=182.0
GetPercentOutput ===>> 0.0
GetSetpoint ===>> 0.0
GetProcessValue ===>> 182.0
response t=570.570080042, out=0, setpoint=0, response=182.0
GetPercentOutput ===>> 0.0
GetSetpoint ===>> 0.0
GetProcessValue ===>> 181.0
response t=572.571866989, out=0, setpoint=0, response=181.0
GetPercentOutput ===>> 0.0
GetSetpoint ===>> 0.0
GetProcessValue ===>> 181.0
response t=574.575852156, out=0, setpoint=0, response=181.0
GetPercentOutput ===>> 0.0
GetSetpoint ===>> 0.0
GetProcessValue ===>> 180.0
response t=576.57508111, out=0, setpoint=0, response=180.0
GetPercentOutput ===>> 0.0
GetSetpoint ===>> 0.0
GetProcessValue ===>> 180.0
response t=578.579080105, out=0, setpoint=0, response=180.0
GetPercentOutput ===>> 0.0
GetSetpoint ===>> 0.0
GetProcessValue ===>> 179.0
response t=580.57905817, out=0, setpoint=0, response=179.0
GetPercentOutput ===>> 0.0
GetSetpoint ===>> 0.0
GetProcessValue ===>> 179.0
response t=582.583028078, out=0, setpoint=0, response=179.0
GetPercentOutput ===>> 0.0
GetSetpoint ===>> 0.0
GetProcessValue ===>> 178.0
response t=584.58339715, out=0, setpoint=0, response=178.0
GetPercentOutput ===>> 0.0
GetSetpoint ===>> 0.0
GetProcessValue ===>> 178.0
response t=586.585266113, out=0, setpoint=0, response=178.0
GetPercentOutput ===>> 0.0
GetSetpoint ===>> 0.0
GetProcessValue ===>> 177.0
response t=588.589210033, out=0, setpoint=0, response=177.0
GetPercentOutput ===>> 0.0
GetSetpoint ===>> 0.0
GetProcessValue ===>> 177.0
response t=590.593196154, out=0, setpoint=0, response=177.0
GetPercentOutput ===>> 0.0
GetSetpoint ===>> 0.0
GetProcessValue ===>> 176.0
response t=592.595802069, out=0, setpoint=0, response=176.0
GetPercentOutput ===>> 0.0
GetSetpoint ===>> 0.0
GetProcessValue ===>> 176.0
response t=594.597817183, out=0, setpoint=0, response=176.0
GetPercentOutput ===>> 0.0
GetSetpoint ===>> 0.0
GetProcessValue ===>> 176.0
response t=596.599857092, out=0, setpoint=0, response=176.0
GetPercentOutput ===>> 0.0
GetSetpoint ===>> 0.0
GetProcessValue ===>> 175.0
response t=598.600829124, out=0, setpoint=0, response=175.0
GetPercentOutput ===>> 0.0
GetSetpoint ===>> 0.0
GetProcessValue ===>> 175.0
response t=600.603937149, out=0, setpoint=0, response=175.0
GetPercentOutput ===>> 0.0
GetSetpoint ===>> 0.0
GetProcessValue ===>> 174.0
response t=602.605952978, out=0, setpoint=0, response=174.0
GetPercentOutput ===>> 0.0
GetSetpoint ===>> 0.0
GetProcessValue ===>> 174.0
response t=604.607982159, out=0, setpoint=0, response=174.0
GetPercentOutput ===>> 0.0
GetSetpoint ===>> 0.0
GetProcessValue ===>> 173.0
response t=606.609986067, out=0, setpoint=0, response=173.0
GetPercentOutput ===>> 0.0
GetSetpoint ===>> 0.0
GetProcessValue ===>> 173.0
response t=608.611027002, out=0, setpoint=0, response=173.0
GetPercentOutput ===>> 0.0
GetSetpoint ===>> 0.0
GetProcessValue ===>> 172.0
response t=610.614040136, out=0, setpoint=0, response=172.0
GetPercentOutput ===>> 0.0
GetSetpoint ===>> 0.0
GetProcessValue ===>> 172.0
response t=612.616080046, out=0, setpoint=0, response=172.0
GetPercentOutput ===>> 0.0
GetSetpoint ===>> 0.0
GetProcessValue ===>> 172.0
response t=614.61809516, out=0, setpoint=0, response=172.0
GetPercentOutput ===>> 0.0
GetSetpoint ===>> 0.0
GetProcessValue ===>> 171.0
response t=616.620131969, out=0, setpoint=0, response=171.0
GetPercentOutput ===>> 0.0
GetSetpoint ===>> 0.0
GetProcessValue ===>> 171.0
response t=618.621209145, out=0, setpoint=0, response=171.0
GetPercentOutput ===>> 0.0
GetSetpoint ===>> 0.0
GetProcessValue ===>> 170.0
response t=620.621114969, out=0, setpoint=0, response=170.0
GetPercentOutput ===>> 0.0
GetSetpoint ===>> 0.0
GetProcessValue ===>> 170.0
response t=622.62502718, out=0, setpoint=0, response=170.0
GetPercentOutput ===>> 0.0
GetSetpoint ===>> 0.0
GetProcessValue ===>> 169.0
response t=624.624446154, out=0, setpoint=0, response=169.0
GetPercentOutput ===>> 0.0
GetSetpoint ===>> 0.0
GetProcessValue ===>> 169.0
response t=626.626024008, out=0, setpoint=0, response=169.0
GetPercentOutput ===>> 0.0
GetSetpoint ===>> 0.0
GetProcessValue ===>> 169.0
response t=628.630006075, out=0, setpoint=0, response=169.0
GetPercentOutput ===>> 0.0
GetSetpoint ===>> 0.0
GetProcessValue ===>> 168.0
response t=630.629148006, out=0, setpoint=0, response=168.0
GetPercentOutput ===>> 0.0
GetSetpoint ===>> 0.0
GetProcessValue ===>> 168.0
response t=632.633080006, out=0, setpoint=0, response=168.0
GetPercentOutput ===>> 0.0
GetSetpoint ===>> 0.0
GetProcessValue ===>> 167.0
response t=634.63706398, out=0, setpoint=0, response=167.0
GetPercentOutput ===>> 0.0
GetSetpoint ===>> 0.0
GetProcessValue ===>> 167.0
response t=636.636257172, out=0, setpoint=0, response=167.0
GetPercentOutput ===>> 0.0
GetSetpoint ===>> 0.0
GetProcessValue ===>> 167.0
response t=638.640280008, out=0, setpoint=0, response=167.0
GetPercentOutput ===>> 0.0
GetSetpoint ===>> 0.0
GetProcessValue ===>> 166.0
response t=640.64429307, out=0, setpoint=0, response=166.0
GetPercentOutput ===>> 0.0
GetSetpoint ===>> 0.0
GetProcessValue ===>> 166.0
response t=642.646555185, out=0, setpoint=0, response=166.0
set states for children of O. state=False
handle state [('O', False)]
update switch state O False args=() kw={'refresh': False} ncanvase=5
refresh_canvas_needed fired
GetPercentOutput ===>> 0.0
GetSetpoint ===>> 0.0
GetProcessValue ===>> 165.0
response t=644.648553133, out=0, setpoint=0, response=165.0
set states for children of O. state=True
handle state [('O', True)]
update switch state O True args=() kw={'refresh': False} ncanvase=5
refresh_canvas_needed fired
GetPercentOutput ===>> 0.0
GetSetpoint ===>> 0.0
GetProcessValue ===>> 165.0
response t=646.650858164, out=0, setpoint=0, response=165.0
GetPercentOutput ===>> 0.0
GetSetpoint ===>> 0.0
GetProcessValue ===>> 164.0
response t=648.651844025, out=0, setpoint=0, response=164.0
GetPercentOutput ===>> 0.0
GetSetpoint ===>> 0.0
GetProcessValue ===>> 164.0
response t=650.654666185, out=0, setpoint=0, response=164.0
GetPercentOutput ===>> 0.0
GetSetpoint ===>> 0.0
GetProcessValue ===>> 164.0
response t=652.655130148, out=0, setpoint=0, response=164.0
GetPercentOutput ===>> 0.0
GetSetpoint ===>> 0.0
GetProcessValue ===>> 163.0
response t=654.658750057, out=0, setpoint=0, response=163.0
GetPercentOutput ===>> 0.0
GetSetpoint ===>> 0.0
GetProcessValue ===>> 163.0
response t=656.660755157, out=0, setpoint=0, response=163.0
GetPercentOutput ===>> 0.0
GetSetpoint ===>> 0.0
GetProcessValue ===>> 163.0
response t=658.661982059, out=0, setpoint=0, response=163.0
GetPercentOutput ===>> 0.0
GetSetpoint ===>> 0.0
GetProcessValue ===>> 162.0
response t=660.661633015, out=0, setpoint=0, response=162.0
GetPercentOutput ===>> 0.0
GetSetpoint ===>> 0.0
GetProcessValue ===>> 162.0
response t=662.662714958, out=0, setpoint=0, response=162.0
GetPercentOutput ===>> 0.0
GetSetpoint ===>> 0.0
GetProcessValue ===>> 161.0
response t=664.666646957, out=0, setpoint=0, response=161.0
GetPercentOutput ===>> 0.0
GetSetpoint ===>> 0.0
GetProcessValue ===>> 161.0
response t=666.668169022, out=0, setpoint=0, response=161.0
GetPercentOutput ===>> 0.0
GetSetpoint ===>> 0.0
GetProcessValue ===>> 161.0
response t=668.668389082, out=0, setpoint=0, response=161.0
GetPercentOutput ===>> 0.0
GetSetpoint ===>> 0.0
GetProcessValue ===>> 160.0
response t=670.667914152, out=0, setpoint=0, response=160.0
GetPercentOutput ===>> 0.0
GetSetpoint ===>> 0.0
GetProcessValue ===>> 160.0
response t=672.667926073, out=0, setpoint=0, response=160.0
GetPercentOutput ===>> 0.0
GetSetpoint ===>> 0.0
GetProcessValue ===>> 159.0
response t=674.668370008, out=0, setpoint=0, response=159.0
GetPercentOutput ===>> 0.0
GetSetpoint ===>> 0.0
GetProcessValue ===>> 159.0
response t=676.668256998, out=0, setpoint=0, response=159.0
GetPercentOutput ===>> 0.0
GetSetpoint ===>> 0.0
GetProcessValue ===>> 159.0
response t=678.667901993, out=0, setpoint=0, response=159.0
GetPercentOutput ===>> 0.0
GetSetpoint ===>> 0.0
GetProcessValue ===>> 158.0
response t=680.668183088, out=0, setpoint=0, response=158.0
GetPercentOutput ===>> 0.0
GetSetpoint ===>> 0.0
GetProcessValue ===>> 158.0
response t=682.668158054, out=0, setpoint=0, response=158.0
GetPercentOutput ===>> 0.0
GetSetpoint ===>> 0.0
GetProcessValue ===>> 157.0
response t=684.667173147, out=0, setpoint=0, response=157.0
GetPercentOutput ===>> 0.0
GetSetpoint ===>> 0.0
GetProcessValue ===>> 157.0
response t=686.670521021, out=0, setpoint=0, response=157.0
GetPercentOutput ===>> 0.0
GetSetpoint ===>> 0.0
GetProcessValue ===>> 157.0
response t=688.674530029, out=0, setpoint=0, response=157.0
GetPercentOutput ===>> 0.0
GetSetpoint ===>> 0.0
GetProcessValue ===>> 156.0
response t=690.674448013, out=0, setpoint=0, response=156.0
GetPercentOutput ===>> 0.0
GetSetpoint ===>> 0.0
GetProcessValue ===>> 156.0
response t=692.674565077, out=0, setpoint=0, response=156.0
GetPercentOutput ===>> 0.0
GetSetpoint ===>> 0.0
GetProcessValue ===>> 156.0
response t=694.675116062, out=0, setpoint=0, response=156.0
GetPercentOutput ===>> 0.0
GetSetpoint ===>> 0.0
GetProcessValue ===>> 155.0
response t=696.679049015, out=0, setpoint=0, response=155.0
GetPercentOutput ===>> 0.0
GetSetpoint ===>> 0.0
GetProcessValue ===>> 155.0
response t=698.679573059, out=0, setpoint=0, response=155.0
GetPercentOutput ===>> 0.0
GetSetpoint ===>> 0.0
GetProcessValue ===>> 154.0
response t=700.680063963, out=0, setpoint=0, response=154.0
GetPercentOutput ===>> 0.0
GetSetpoint ===>> 0.0
GetProcessValue ===>> 154.0
response t=702.680076122, out=0, setpoint=0, response=154.0
GetPercentOutput ===>> 0.0
GetSetpoint ===>> 0.0
GetProcessValue ===>> 154.0
response t=704.681917191, out=0, setpoint=0, response=154.0
GetPercentOutput ===>> 0.0
GetSetpoint ===>> 0.0
GetProcessValue ===>> 153.0
response t=706.683391094, out=0, setpoint=0, response=153.0
GetPercentOutput ===>> 0.0
GetSetpoint ===>> 0.0
GetProcessValue ===>> 153.0
response t=708.685178995, out=0, setpoint=0, response=153.0
GetPercentOutput ===>> 0.0
GetSetpoint ===>> 0.0
GetProcessValue ===>> 153.0
response t=710.68610096, out=0, setpoint=0, response=153.0
GetPercentOutput ===>> 0.0
GetSetpoint ===>> 0.0
GetProcessValue ===>> 152.0
response t=712.687556982, out=0, setpoint=0, response=152.0
GetPercentOutput ===>> 0.0
GetSetpoint ===>> 0.0
GetProcessValue ===>> 152.0
response t=714.691549063, out=0, setpoint=0, response=152.0
GetPercentOutput ===>> 0.0
GetSetpoint ===>> 0.0
GetProcessValue ===>> 152.0
response t=716.695443153, out=0, setpoint=0, response=152.0
GetPercentOutput ===>> 0.0
GetSetpoint ===>> 0.0
GetProcessValue ===>> 151.0
response t=718.69690609, out=0, setpoint=0, response=151.0
GetPercentOutput ===>> 0.0
GetSetpoint ===>> 0.0
GetProcessValue ===>> 151.0
response t=720.700843096, out=0, setpoint=0, response=151.0
GetPercentOutput ===>> 0.0
GetSetpoint ===>> 0.0
GetProcessValue ===>> 151.0
response t=722.699934959, out=0, setpoint=0, response=151.0
GetPercentOutput ===>> 0.0
GetSetpoint ===>> 0.0
GetProcessValue ===>> 150.0
response t=724.703199148, out=0, setpoint=0, response=150.0
Join finished
block finished. duration 721.702011108
sleep (60,) {}
SLEEP 60.0
block started
WaitControl setup for 60.0  
GetPercentOutput ===>> 0.0
GetSetpoint ===>> 0.0
GetProcessValue ===>> 150.0
response t=726.70235014, out=0, setpoint=0, response=150.0
GetPercentOutput ===>> 0.0
GetSetpoint ===>> 0.0
GetProcessValue ===>> 149.0
response t=728.706304073, out=0, setpoint=0, response=149.0
GetPercentOutput ===>> 0.0
GetSetpoint ===>> 0.0
GetProcessValue ===>> 149.0
response t=730.705688, out=0, setpoint=0, response=149.0
GetPercentOutput ===>> 0.0
GetSetpoint ===>> 0.0
GetProcessValue ===>> 149.0
response t=732.709632158, out=0, setpoint=0, response=149.0
GetPercentOutput ===>> 0.0
GetSetpoint ===>> 0.0
GetProcessValue ===>> 148.0
response t=734.713622093, out=0, setpoint=0, response=148.0
GetPercentOutput ===>> 0.0
GetSetpoint ===>> 0.0
GetProcessValue ===>> 148.0
response t=736.712713003, out=0, setpoint=0, response=148.0
GetPercentOutput ===>> 0.0
GetSetpoint ===>> 0.0
GetProcessValue ===>> 148.0
response t=738.716169119, out=0, setpoint=0, response=148.0
GetPercentOutput ===>> 0.0
GetSetpoint ===>> 0.0
GetProcessValue ===>> 147.0
response t=740.715502977, out=0, setpoint=0, response=147.0
GetPercentOutput ===>> 0.0
GetSetpoint ===>> 0.0
GetProcessValue ===>> 147.0
response t=742.717084169, out=0, setpoint=0, response=147.0
GetPercentOutput ===>> 0.0
GetSetpoint ===>> 0.0
GetProcessValue ===>> 147.0
response t=744.719318151, out=0, setpoint=0, response=147.0
GetPercentOutput ===>> 0.0
GetSetpoint ===>> 0.0
GetProcessValue ===>> 146.0
response t=746.72115612, out=0, setpoint=0, response=146.0
GetPercentOutput ===>> 0.0
GetSetpoint ===>> 0.0
GetProcessValue ===>> 146.0
response t=748.724752188, out=0, setpoint=0, response=146.0
GetPercentOutput ===>> 0.0
GetSetpoint ===>> 0.0
GetProcessValue ===>> 146.0
response t=750.727542162, out=0, setpoint=0, response=146.0
GetPercentOutput ===>> 0.0
GetSetpoint ===>> 0.0
GetProcessValue ===>> 145.0
response t=752.726598978, out=0, setpoint=0, response=145.0
GetPercentOutput ===>> 0.0
GetSetpoint ===>> 0.0
GetProcessValue ===>> 145.0
response t=754.728806973, out=0, setpoint=0, response=145.0
GetPercentOutput ===>> 0.0
GetSetpoint ===>> 0.0
GetProcessValue ===>> 145.0
response t=756.728868008, out=0, setpoint=0, response=145.0
GetPercentOutput ===>> 0.0
GetSetpoint ===>> 0.0
GetProcessValue ===>> 144.0
response t=758.730990171, out=0, setpoint=0, response=144.0
GetPercentOutput ===>> 0.0
GetSetpoint ===>> 0.0
GetProcessValue ===>> 144.0
response t=760.733006954, out=0, setpoint=0, response=144.0
GetPercentOutput ===>> 0.0
GetSetpoint ===>> 0.0
GetProcessValue ===>> 144.0
response t=762.736004114, out=0, setpoint=0, response=144.0
GetPercentOutput ===>> 0.0
GetSetpoint ===>> 0.0
GetProcessValue ===>> 143.0
response t=764.736133099, out=0, setpoint=0, response=143.0
GetPercentOutput ===>> 0.0
GetSetpoint ===>> 0.0
GetProcessValue ===>> 143.0
response t=766.735337019, out=0, setpoint=0, response=143.0
GetPercentOutput ===>> 0.0
GetSetpoint ===>> 0.0
GetProcessValue ===>> 143.0
response t=768.736107111, out=0, setpoint=0, response=143.0
GetPercentOutput ===>> 0.0
GetSetpoint ===>> 0.0
GetProcessValue ===>> 142.0
response t=770.739878178, out=0, setpoint=0, response=142.0
GetPercentOutput ===>> 0.0
GetSetpoint ===>> 0.0
GetProcessValue ===>> 142.0
response t=772.743684053, out=0, setpoint=0, response=142.0
GetPercentOutput ===>> 0.0
GetSetpoint ===>> 0.0
GetProcessValue ===>> 142.0
response t=774.742740154, out=0, setpoint=0, response=142.0
GetPercentOutput ===>> 0.0
GetSetpoint ===>> 0.0
GetProcessValue ===>> 141.0
response t=776.745540142, out=0, setpoint=0, response=141.0
GetPercentOutput ===>> 0.0
GetSetpoint ===>> 0.0
GetProcessValue ===>> 141.0
response t=778.744631052, out=0, setpoint=0, response=141.0
GetPercentOutput ===>> 0.0
GetSetpoint ===>> 0.0
GetProcessValue ===>> 141.0
response t=780.74864006, out=0, setpoint=0, response=141.0
GetPercentOutput ===>> 0.0
GetSetpoint ===>> 0.0
GetProcessValue ===>> 140.0
response t=782.751991034, out=0, setpoint=0, response=140.0
GetPercentOutput ===>> 0.0
GetSetpoint ===>> 0.0
GetProcessValue ===>> 140.0
response t=784.752948999, out=0, setpoint=0, response=140.0
Join finished
block finished. duration 60.1310172081
close ('B',) {}
close name=B desc=---
checking ownership. requestor=129.138.12.137
check software interlocks B
interlocks []
actuate state mode=None-script, software_lock=False
doing actuation None-script close_channel True
Close B ===>> OK
GetIndicatorState B ===>> False
change switch state (True, True)
update switch state B False args=() kw={} ncanvase=5
20:37:32 -- CLOSE  VALVE-B (Bone to Diode Laser)
-------------------------- close B () result=[(True, True)]
action=close, ok=True, locked=[False]
close ('E',) {}
close name=E desc=---
checking ownership. requestor=129.138.12.137
check software interlocks E
interlocks []
actuate state mode=None-script, software_lock=False
doing actuation None-script close_channel True
Close E ===>> OK
GetIndicatorState E ===>> False
change switch state (True, True)
update switch state E False args=() kw={} ncanvase=5
20:37:32 -- CLOSE  VALVE-E (Bone to Minibone)
-------------------------- close E () result=[(True, True)]
GetPercentOutput ===>> 0.0
GetSetpoint ===>> 0.0
action=close, ok=True, locked=[False]
close ('C',) {}
close name=C desc=---
checking ownership. requestor=129.138.12.137
check software interlocks C
interlocks []
actuate state mode=None-script, software_lock=False
doing actuation None-script close_channel True
GetProcessValue ===>> 140.0
response t=786.755716085, out=0, setpoint=0, response=140.0
Close C ===>> OK
GetIndicatorState C ===>> False
change switch state (True, True)
update switch state C False args=() kw={} ncanvase=5
20:37:33 -- CLOSE  VALVE-C (Bone to Turbo)
-------------------------- close C () result=[(True, True)]
action=close, ok=True, locked=[False]
sleep (2,) {}
SLEEP 2.0
block started
WaitControl setup for 2.0  
GetPercentOutput ===>> 0.0
GetSetpoint ===>> 0.0
GetProcessValue ===>> 140.0
response t=788.759037971, out=0, setpoint=0, response=140.0
Join finished
block finished. duration 2.0161819458
open ('J',) {}
open name=J desc=---
checking ownership. requestor=129.138.12.137
check software interlocks J
interlocks []
actuate state mode=None-script, software_lock=False
doing actuation None-script open_channel True
Open J ===>> OK
GetIndicatorState J ===>> OK
change switch state (True, True)
update switch state J True args=() kw={} ncanvase=5
20:37:35 -- OPEN   VALVE-J (Bone to APIS)
-------------------------- open J () result=[(True, True)]
action=open, ok=True, locked=[False]
sleep (30,) {}
SLEEP 30.0
block started
WaitControl setup for 30.0  
GetPercentOutput ===>> 0.0
GetSetpoint ===>> 0.0
GetProcessValue ===>> 139.0
response t=790.763036013, out=0, setpoint=0, response=139.0
GetPercentOutput ===>> 0.0
GetSetpoint ===>> 0.0
GetProcessValue ===>> 139.0
response t=792.765570164, out=0, setpoint=0, response=139.0
GetPercentOutput ===>> 0.0
GetSetpoint ===>> 0.0
GetProcessValue ===>> 139.0
response t=794.766296148, out=0, setpoint=0, response=139.0
GetPercentOutput ===>> 0.0
GetSetpoint ===>> 0.0
GetProcessValue ===>> 138.0
response t=796.765670061, out=0, setpoint=0, response=138.0
GetPercentOutput ===>> 0.0
GetSetpoint ===>> 0.0
GetProcessValue ===>> 138.0
response t=798.765794992, out=0, setpoint=0, response=138.0
GetPercentOutput ===>> 0.0
GetSetpoint ===>> 0.0
GetProcessValue ===>> 138.0
response t=800.766178131, out=0, setpoint=0, response=138.0
GetPercentOutput ===>> 0.0
GetSetpoint ===>> 0.0
GetProcessValue ===>> 137.0
response t=802.76537919, out=0, setpoint=0, response=137.0
GetPercentOutput ===>> 0.0
GetSetpoint ===>> 0.0
GetProcessValue ===>> 137.0
response t=804.76611805, out=0, setpoint=0, response=137.0
GetPercentOutput ===>> 0.0
GetSetpoint ===>> 0.0
GetProcessValue ===>> 137.0
response t=806.765223026, out=0, setpoint=0, response=137.0
GetPercentOutput ===>> 0.0
GetSetpoint ===>> 0.0
GetProcessValue ===>> 136.0
response t=808.766005039, out=0, setpoint=0, response=136.0
GetPercentOutput ===>> 0.0
GetSetpoint ===>> 0.0
GetProcessValue ===>> 136.0
response t=810.766014099, out=0, setpoint=0, response=136.0
GetPercentOutput ===>> 0.0
GetSetpoint ===>> 0.0
GetProcessValue ===>> 136.0
response t=812.765928984, out=0, setpoint=0, response=136.0
GetPercentOutput ===>> 0.0
GetSetpoint ===>> 0.0
GetProcessValue ===>> 136.0
response t=814.765838146, out=0, setpoint=0, response=136.0
GetPercentOutput ===>> 0.0
GetSetpoint ===>> 0.0
GetProcessValue ===>> 135.0
response t=816.766069174, out=0, setpoint=0, response=135.0
GetPercentOutput ===>> 0.0
GetSetpoint ===>> 0.0
GetProcessValue ===>> 135.0
response t=818.765535116, out=0, setpoint=0, response=135.0
Join finished
block finished. duration 30.1042299271
close ('J',) {}
close name=J desc=---
checking ownership. requestor=129.138.12.137
check software interlocks J
interlocks []
actuate state mode=None-script, software_lock=False
doing actuation None-script close_channel True
Close J ===>> OK
GetIndicatorState J ===>> False
change switch state (True, True)
update switch state J False args=() kw={} ncanvase=5
20:38:06 -- CLOSE  VALVE-J (Bone to APIS)
-------------------------- close J () result=[(True, True)]
action=close, ok=True, locked=[False]
open ('FC',) {}
open name=FC desc=---
checking ownership. requestor=129.138.12.137
check software interlocks FC
interlocks []
actuate state mode=None-script, software_lock=False
doing actuation None-script open_channel True
GetPercentOutput ===>> 0.0
GetSetpoint ===>> 0.0
GetProcessValue ===>> 135.0
response t=820.76574111, out=0, setpoint=0, response=135.0
Open FC ===>> OK
set states for children of FC. state=True
handle state [('FC', True)]
update switch state FC True args=() kw={'refresh': False} ncanvase=5
refresh_canvas_needed fired
GetIndicatorState FC ===>> OK
change switch state (True, True)
update switch state FC True args=() kw={} ncanvase=5
20:38:07 -- OPEN   VALVE-FC (Furnace Turbo)
-------------------------- open FC () result=[(True, True)]
action=open, ok=True, locked=[False]
sleep (30.0,) {}
SLEEP 30.0
block started
WaitControl setup for 30.0  
GetPercentOutput ===>> 0.0
GetSetpoint ===>> 0.0
GetProcessValue ===>> 134.0
response t=822.765820026, out=0, setpoint=0, response=134.0
GetPercentOutput ===>> 0.0
GetSetpoint ===>> 0.0
GetProcessValue ===>> 134.0
response t=824.769050121, out=0, setpoint=0, response=134.0
GetPercentOutput ===>> 0.0
GetSetpoint ===>> 0.0
GetProcessValue ===>> 134.0
response t=826.773005962, out=0, setpoint=0, response=134.0
GetPercentOutput ===>> 0.0
GetSetpoint ===>> 0.0
GetProcessValue ===>> 133.0
response t=828.773337126, out=0, setpoint=0, response=133.0
GetPercentOutput ===>> 0.0
GetSetpoint ===>> 0.0
GetProcessValue ===>> 133.0
response t=830.77247715, out=0, setpoint=0, response=133.0
GetPercentOutput ===>> 0.0
GetSetpoint ===>> 0.0
GetProcessValue ===>> 133.0
response t=832.772757053, out=0, setpoint=0, response=133.0
GetPercentOutput ===>> 0.0
GetSetpoint ===>> 0.0
GetProcessValue ===>> 133.0
response t=834.775694132, out=0, setpoint=0, response=133.0
Join finished
continuing script after 14.806 s
block finished. duration 14.8069040775
stop_response_recorder () {}
stop response recorder
executed snippet estimated_duration=2526.0, duration=836.772279978
felix_furnace.py completed successfully
get achieved output
Requested Output= 0.000
Achieved Output=  0.000
get response blob
get output blob
active pid =HO,10;XP,10;TI,48;TD,8
persistence save...
persistence save - db
AutomatedRunPersister post_extraction_save deprecated
persistence save - dvc
no extraction position for 
not connected to db mysql://felixexp@129.138.12.160/labspy
using pymysql
4749417936 connecting to database mysql://felixexp@129.138.12.160/labspy
create new session 4749417936
testing database connection get_migrate_version
closing test session
close session 4749417936
connected to db mysql://felixexp@129.138.12.160/labspy
Enviromentals: {'lab_humiditys': [{'device': 'EnvironmentalMonitor',
                    'name': 'Lab Hum.',
                    'pub_date': '2017-08-24T20:20:48',
                    'title': 'iServer Hum.',
                    'value': 53.4}],
 'lab_pneumatics': [{'device': 'AirPressure',
                     'name': 'Pressure',
                     'pub_date': '2017-08-24T20:36:32',
                     'title': None,
                     'value': 98.55},
                    {'device': 'AirPressure2',
                     'name': 'Pressure2',
                     'pub_date': '2017-08-24T20:36:36',
                     'title': None,
                     'value': 99.48484}],
 'lab_temperatures': [{'device': 'EnvironmentalMonitor',
                       'name': 'Lab Temp.',
                       'pub_date': '2017-08-24T19:06:19',
                       'title': 'iServer Temp.',
                       'value': 73.2},
                      {'device': 'Chiller',
                       'name': 'Coolant Temp.',
                       'pub_date': '2017-08-24T19:55:11',
                       'title': None,
                       'value': 18.0}]}
Extraction Finished
20:38:25 -- ******* Extraction Finished *******
no overlap. not waiting for min ms pumptime
20:38:25 -- Sending spectrometer configuration
======== Sending configuration ========
SetZFocus 1.65 ===>> OK
SetHV 9900.0 ===>> OK
SetZSymmetry 3.35 ===>> OK
SetExtractionLens 63.57 ===>> OK
SetIonRepeller -5.15 ===>> OK
SetElectronEnergy 125.02 ===>> OK
SetYSymmetry 38.07 ===>> OK
send trap current 250.0
GetParameter Trap Current Readback ===>> 248.494964292254
SetParameter Trap Current Set,250.0 ===>> OK
updating mftable name argon
Using mftable located at /Users/obama/PychronDev/setupfiles/spectrometer/mftables/argon.csv
============ MFtable ===========
Isotope  H2     H1     AX     L1     L2     L2(CDD)
Ar40     3.7659 3.8411 3.9192 4.0007 4.1084 4.0939
Ar39     3.6915 3.7660 3.8423 3.9252 4.0277 4.0129
Ar36     3.4652 3.4176 3.6068 3.6826 3.7913 3.7658
================================
get initial guess parabolic
get initial guess parabolic
get initial guess parabolic
get initial guess parabolic
get initial guess parabolic
get initial guess parabolic
======== Configuration Finished ========
GetYSymmetry ===>> 38.07
GetZSymmetry ===>> 3.35
GetParameter Trap Current Readback ===>> 248.047427211133
GetHighVoltage ===>> 9900
start measurement
do measurement
L#=bu-NF-F analysis type=blank_unknown
Measurement Started felix_analysis400_120 no center.py
20:38:26 -- ******* Measurement Started felix_analysis400_120 no center.py *******
state changed from extraction to measurement
setting trap, emission, spec, defl, and gains
GetExtractionLens ===>> 63.57
GetYSymmetry ===>> 38.07
GetZSymmetry ===>> 3.35
GetZFocus ===>> 1.65
GetDeflection H2 (CDD) ===>> 3250
GetDeflection H1 (CDD) ===>> 3250
GetDeflection AX (CDD) ===>> 3250
GetDeflection L1 (CDD) ===>> 3250
GetDeflection L2 (CDD) ===>> 0
GetGain H2 ===>> 0.9809305
GetGain H1 ===>> 0.9706
GetGain AX ===>> 0.96269
GetGain L1 ===>> 0.970094835296087
GetGain L2 ===>> 0.967359864778375
GetGain H2(CDD) ===>> 0
GetGain H1(CDD) ===>> 0
GetGain AX(CDD) ===>> 0
GetGain L1(CDD) ===>> 0
GetGain L2(CDD) ===>> 0
GetParameter Trap Current Readback ===>> 247.935542940853
GetParameter Source Current Readback ===>> 887.683635475798
pre measurement save
New frame /Users/obama/PychronDev/data/isotopes/85/270d00-456c-41e4-92de-4f5d9ff47f2c.h5
flush and close file /Users/obama/PychronDev/data/isotopes/85/270d00-456c-41e4-92de-4f5d9ff47f2c.h5
testing...
no interpolation path defined
executed snippet estimated_duration=590.4304, duration=0.000217914581299
unknown measurement script
activate_detectors ('H2', 'H1', 'AX', 'L1', 'L2(CDD)') {}
activate detectors
*************** Set Analysis View Ar/Ar
create graphs
clearing graphs
clear isotope group
setting isotope det=H2, iso=Ar40
setting isotope det=H1, iso=Ar39
setting isotope det=AX, iso=Ar38
setting isotope det=L1, iso=Ar37
setting isotope det=L2(CDD), iso=Ar36
load analysis view
position_magnet ('Ar40',) {'detector': 'H2'}
detector Detector(H2)
POSITION Ar40 H2
setting detector H2 to Ar40 (39.9624)
setting detector H1 to Ar39 (38.8624)
setting detector AX to Ar38 (37.9624)
setting detector L1 to Ar37 (36.9624)
setting detector L2 to Ar36 (35.8624)
setting detector H2(CDD) to Ar40 (39.8624)
setting detector H1(CDD) to Ar39 (38.8624)
setting detector AX(CDD) to Ar38 (37.8624)
setting detector L1(CDD) to Ar37 (36.8624)
setting detector L2(CDD) to Ar36 (35.9624)
Mapping mass to dac mass func: "parabolic"
H2 map mass coeffs = [ -2.56720193e-04   9.47812314e-02   3.88234975e-01]
H2 map mass to dac 39.9624 >> 3.76594
GetHighVoltage ===>> 9900
positioning Ar40 (3.76594) on H2
setting magnet DAC
current  : 3.765936
requested: 3.765940
Delta Dac: 0.000004
Checking detector protection. dv=0.00000
SetMagnetDAC 3.76594 ===>> OK
Magnet settling time: 0.500 0.500
Magnet settling complete
set_dac. change=True
equilibrate () {'delay': 3, 'inlet': 'H', 'outlet': 'V', 'eqtime': 30.0}
Equilibration Started
20:38:27 -- ******* Equilibration Started *******
checking ownership. requestor=129.138.12.137
check software interlocks V
interlocks []
actuate state mode=None-script, software_lock=False
doing actuation None-script close_channel True
Close V ===>> OK
GetIndicatorState V ===>> False
change switch state (True, True)
update switch state V False args=() kw={} ncanvase=5
20:38:27 -- CLOSE  VALVE-V (Felix Ion Pump)
waiting 3s before opening inlet value ('H',)
update labels <pychron.experiment.plot_panel.PlotPanel object at 0x11af94d70>
update labels "<pychron.graph.stacked_regression_graph.StackedRegressionGraph object at 0x122157890>"
setting label 0 H2 Ar40
setting label 1 H1 Ar39
setting label 2 AX Ar38
setting label 3 L1 Ar37
setting label 4 L2(CDD) Ar36
update labels "<pychron.graph.stacked_graph.StackedGraph object at 0x121fb7c50>"
setting label 0 H2 Ar40
setting label 1 H1 Ar39
setting label 2 AX Ar38
setting label 3 L1 Ar37
setting label 4 L2(CDD) Ar36
checking ownership. requestor=129.138.12.137
check software interlocks H
interlocks []
actuate state mode=None-script, software_lock=False
doing actuation None-script open_channel True
Open H ===>> OK
GetIndicatorState H ===>> OK
change switch state (True, True)
update switch state H True args=() kw={} ncanvase=5
20:38:30 -- OPEN   VALVE-H (Felix Inlet)
set_time_zero () {}
equilibrating for 30.0sec
sniff (30.0,) {}
py_sniff
build tables- sniff [Detector(H2), Detector(H1), Detector(AX), Detector(L1), Detector(L2(CDD))]
add group /sniff/Ar40 (Group) u'' table H2
add group /sniff/Ar39 (Group) u'' table H1
add group /sniff/Ar38 (Group) u'' table AX
add group /sniff/Ar37 (Group) u'' table L1
add group /sniff/Ar36 (Group) u'' table L2(CDD)
flush and close file /Users/obama/PychronDev/data/isotopes/85/270d00-456c-41e4-92de-4f5d9ff47f2c.h5
measuring sniff. ncounts=30.0
"sniff" increment series count="1" fit count="0" regressing="False"
starting measurement
20:38:56 -- collecting point 25
Equilibration Finished
20:39:00 -- ******* Equilibration Finished *******
checking ownership. requestor=129.138.12.137
check software interlocks H
interlocks []
actuate state mode=None-script, software_lock=False
doing actuation None-script close_channel True
Close H ===>> OK
GetIndicatorState H ===>> False
change switch state (True, True)
update switch state H False args=() kw={} ncanvase=5
20:39:00 -- CLOSE  VALVE-H (Felix Inlet)
Post Equilibration Started felix_pump_extraction_line.py
20:39:00 -- ******* Post Equilibration Started felix_pump_extraction_line.py *******
testing...
no interpolation path defined
calculate duration
testing...
no interpolation path defined
executed snippet estimated_duration=4.0, duration=0.000296831130981
executed snippet estimated_duration=4.0, duration=0.00245976448059
Pump after analysis
doing GOSUB
testing...
no interpolation path defined
executed snippet estimated_duration=4.0, duration=0.000286102294922
Pump Bone
close () {'description': 'Felix Inlet'}
close name=--- desc=Felix Inlet
checking ownership. requestor=129.138.12.137
check software interlocks H
interlocks []
actuate state mode=None-script, software_lock=False
doing actuation None-script close_channel False
Close H ===>> OK
GetIndicatorState H ===>> False
change switch state (True, True)
update switch state H False args=() kw={} ncanvase=5
20:39:00 -- CLOSE  VALVE-H (Felix Inlet)
-------------------------- close None (Felix Inlet) result=[(True, True)]
action=close, ok=True, locked=[False]
is_closed ('A',) {}
is A () closed?
is closed False
close () {'description': 'CO2 Laser to Bone'}
close name=--- desc=CO2 Laser to Bone
checking ownership. requestor=129.138.12.137
check software interlocks F
interlocks []
actuate state mode=None-script, software_lock=True
VALVE-F(CO2 Laser to Bone) software locked
change switch state (True, False)
-------------------------- close None (CO2 Laser to Bone) result=[(True, False)]
action=close, ok=True, locked=[True]
sleep (1,) {}
SLEEP 1.0
close () {'description': 'CO2 Laser to Roughing'}
close name=--- desc=CO2 Laser to Roughing
checking ownership. requestor=129.138.12.137
check software interlocks G
interlocks []
actuate state mode=None-script, software_lock=True
VALVE-G(CO2 Laser to Roughing) software locked
change switch state (True, False)
-------------------------- close None (CO2 Laser to Roughing) result=[(True, False)]
action=close, ok=True, locked=[True]
open () {'description': 'Bone to Turbo'}
open name=--- desc=Bone to Turbo
checking ownership. requestor=129.138.12.137
check software interlocks C
interlocks []
actuate state mode=None-script, software_lock=False
doing actuation None-script open_channel True
Open C ===>> OK
set states for children of C. state=True
handle state [('C', True)]
update switch state C True args=() kw={'refresh': False} ncanvase=5
GetIndicatorState C ===>> OK
change switch state (True, True)
update switch state C True args=() kw={} ncanvase=5
waiting for write to finish
measurement finished
estimated time: 31.457 actual time: :31.623
flush and close file /Users/obama/PychronDev/data/isotopes/85/270d00-456c-41e4-92de-4f5d9ff47f2c.h5
set_fits () {}
using default fits file=/Users/obama/PychronDev/scripts/measurement/fits/nominal.yaml
set "Ar40" to "('Parabolic', 'SEM')"
set "Ar36" to "('Parabolic', 'SEM')"
refresh_canvas_needed fired
set "Ar37" to "('linear', 'SEM')"
20:39:02 -- OPEN   VALVE-C (Bone to Turbo)
set "Ar38" to "('linear', 'SEM')"
-------------------------- open None (Bone to Turbo) result=[(True, True)]
set "Ar39" to "('Parabolic', 'SEM')"
set_baseline_fits () {}
using default fits file=/Users/obama/PychronDev/scripts/measurement/fits/nominal.yaml
set "H2" to "('average', 'SEM')"
set "L2(CDD)" to "('average', 'SEM')"
set "L1" to "('average', 'SEM')"
set "AX" to "('average', 'SEM')"
set "H1" to "('average', 'SEM')"
multicollect () {'integration_time': 1.048576, 'ncounts': 400}
build tables- signal [Detector(H2), Detector(H1), Detector(AX), Detector(L1), Detector(L2(CDD))]
add group /signal/Ar40 (Group) u'' table H2
add group /signal/Ar39 (Group) u'' table H1
add group /signal/Ar38 (Group) u'' table AX
add group /signal/Ar37 (Group) u'' table L1
add group /signal/Ar36 (Group) u'' table L2(CDD)
flush and close file /Users/obama/PychronDev/data/isotopes/85/270d00-456c-41e4-92de-4f5d9ff47f2c.h5
measuring signal. ncounts=400
action=open, ok=True, locked=[False]
open () {'description': 'Bone to Getter GP-50'}
open name=--- desc=Bone to Getter GP-50
checking ownership. requestor=129.138.12.137
check software interlocks N
interlocks []
actuate state mode=None-script, software_lock=False
doing actuation None-script open_channel False
Open N ===>> OK
"signal" increment series count="2" fit count="1" regressing="True"
GetIndicatorState N ===>> OK
change switch state (True, True)
update switch state N True args=() kw={} ncanvase=5
20:39:03 -- OPEN   VALVE-N (Bone to Getter GP-50)
-------------------------- open None (Bone to Getter GP-50) result=[(True, True)]
starting measurement
action=open, ok=True, locked=[False]
open () {'description': 'Bone to Diode Laser'}
open name=--- desc=Bone to Diode Laser
checking ownership. requestor=129.138.12.137
check software interlocks B
interlocks []
actuate state mode=None-script, software_lock=False
doing actuation None-script open_channel True
Open B ===>> OK
GetIndicatorState B ===>> OK
change switch state (True, True)
update switch state B True args=() kw={} ncanvase=5
20:39:03 -- OPEN   VALVE-B (Bone to Diode Laser)
-------------------------- open None (Bone to Diode Laser) result=[(True, True)]
set setpoint=300.0
setting pid parameters for 300.0
action=open, ok=True, locked=[False]
open () {'description': 'Bone to CO2 Laser'}
open name=--- desc=Bone to CO2 Laser
checking ownership. requestor=129.138.12.137
check software interlocks D
interlocks []
actuate state mode=None-script, software_lock=False
doing actuation None-script open_channel False
Open D ===>> OK
{"pid": "HO,25;XP,425;TI,100;TD,10", "command": "SetPID"} ===>> OK
GetIndicatorState D ===>> OK
change switch state (True, True)
update switch state D True args=() kw={} ncanvase=5
{"setpoint": 300.0, "command": "SetSetpoint"} ===>> OK
20:39:04 -- OPEN   VALVE-D (Bone to CO2 Laser)
-------------------------- open None (Bone to CO2 Laser) result=[(True, True)]
action=open, ok=True, locked=[False]
sleep (1,) {}
SLEEP 1.0
set_resource () {'name': 'CO2PumpTimeFlag', 'value': 30}
Set CO2PumpTimeFlag 30 ===>> OK
release ('FelixCO2Flag',) {}
release FelixCO2Flag
Set FelixCO2Flag 0 ===>> OK
executed snippet estimated_duration=6.0, duration=4.50236797333
PumpBone.py completed successfully
gosub finished
get_resource_value () {'name': 'FelixMiniboneFlag'}
Read FelixMiniboneFlag ===>> 0
Get Resource Value FelixMiniboneFlag=0.0
executed snippet estimated_duration=4.0, duration=4.51059103012
felix_pump_extraction_line.py completed successfully
Post Equilibration Finished
20:39:05 -- ******* Post Equilibration Finished *******
GetDeflection L2 (CDD) ===>> 0
testing L2_CDD_==3250
evaluate ot="L2(CDD).deflection==3250" t="L2_CDD_==3250", ctx="{'L2_CDD_': 0.0}"
GetDeflection L2 (CDD) ===>> 0
testing L2_CDD_==3250
evaluate ot="L2(CDD).deflection==3250" t="L2_CDD_==3250", ctx="{'L2_CDD_': 0.0}"
20:39:28 -- collecting point 25
GetDeflection L2 (CDD) ===>> 0
testing L2_CDD_==3250
evaluate ot="L2(CDD).deflection==3250" t="L2_CDD_==3250", ctx="{'L2_CDD_': 0.0}"
GetDeflection L2 (CDD) ===>> 0
testing L2_CDD_==3250
evaluate ot="L2(CDD).deflection==3250" t="L2_CDD_==3250", ctx="{'L2_CDD_': 0.0}"
20:39:54 -- collecting point 50
GetDeflection L2 (CDD) ===>> 0
testing L2_CDD_==3250
evaluate ot="L2(CDD).deflection==3250" t="L2_CDD_==3250", ctx="{'L2_CDD_': 0.0}"
GetDeflection L2 (CDD) ===>> 0
testing L2_CDD_==3250
evaluate ot="L2(CDD).deflection==3250" t="L2_CDD_==3250", ctx="{'L2_CDD_': 0.0}"
GetDeflection L2 (CDD) ===>> 0
testing L2_CDD_==3250
evaluate ot="L2(CDD).deflection==3250" t="L2_CDD_==3250", ctx="{'L2_CDD_': 0.0}"
20:40:21 -- collecting point 75
GetDeflection L2 (CDD) ===>> 0
testing L2_CDD_==3250
evaluate ot="L2(CDD).deflection==3250" t="L2_CDD_==3250", ctx="{'L2_CDD_': 0.0}"
GetDeflection L2 (CDD) ===>> 0
testing L2_CDD_==3250
evaluate ot="L2(CDD).deflection==3250" t="L2_CDD_==3250", ctx="{'L2_CDD_': 0.0}"
20:40:47 -- collecting point 100
GetDeflection L2 (CDD) ===>> 0
testing L2_CDD_==3250
evaluate ot="L2(CDD).deflection==3250" t="L2_CDD_==3250", ctx="{'L2_CDD_': 0.0}"
GetDeflection L2 (CDD) ===>> 0
testing L2_CDD_==3250
evaluate ot="L2(CDD).deflection==3250" t="L2_CDD_==3250", ctx="{'L2_CDD_': 0.0}"
bu-NF-F-195   blank_unknown   NoIrradiation A:20 set to terminate after 0 counts
20:41:07 -- user termination. measurement iteration executed 118/400 counts
state changed from measurement to truncated
waiting for write to finish
measurement finished
estimated time: 419.430 actual time: :124.102
flush and close file /Users/obama/PychronDev/data/isotopes/85/270d00-456c-41e4-92de-4f5d9ff47f2c.h5
baselines () {'settling_time': 15.0, 'detector': 'H2', 'mass': 39.862, 'ncounts': 120}
%%%%%%%%%%%%%%%%%%%%%%%%%%%%%%%% Baseline
build tables- baseline [Detector(H2), Detector(H1), Detector(AX), Detector(L1), Detector(L2(CDD))]
add group baseline table H2
add group baseline table H1
add group baseline table AX
add group baseline table L1
add group baseline table L2(CDD)
flush and close file /Users/obama/PychronDev/data/isotopes/85/270d00-456c-41e4-92de-4f5d9ff47f2c.h5
detector Detector(H2)
POSITION 39.862 H2
Mapping mass to dac mass func: "parabolic"
H2 map mass coeffs = [ -2.56720193e-04   9.47812314e-02   3.88234975e-01]
H2 map mass to dac 39.862 >> 3.75848141492
GetHighVoltage ===>> 9900
positioning 39.862 (3.75848141492) on H2
setting magnet DAC
current  : 3.765940
requested: 3.758481
Delta Dac: 0.007459
Checking detector protection. dv=0.00746
SetMagnetDAC 3.75848141492 ===>> OK
Magnet settling time: 0.500 0.500
Magnet settling complete
set_dac. change=True
Delaying 15.0s for detectors to settle
Join finished
measuring baseline. ncounts=120
"baseline" increment series count="2" fit count="1" regressing="True"
starting measurement
GetDeflection L2 (CDD) ===>> 0
testing L2_CDD_==3250
evaluate ot="L2(CDD).deflection==3250" t="L2_CDD_==3250", ctx="{'L2_CDD_': 0.0}"
GetDeflection L2 (CDD) ===>> 0
testing L2_CDD_==3250
evaluate ot="L2(CDD).deflection==3250" t="L2_CDD_==3250", ctx="{'L2_CDD_': 0.0}"
20:41:48 -- collecting point 25
GetDeflection L2 (CDD) ===>> 0
testing L2_CDD_==3250
evaluate ot="L2(CDD).deflection==3250" t="L2_CDD_==3250", ctx="{'L2_CDD_': 0.0}"
GetDeflection L2 (CDD) ===>> 0
testing L2_CDD_==3250
evaluate ot="L2(CDD).deflection==3250" t="L2_CDD_==3250", ctx="{'L2_CDD_': 0.0}"
20:42:15 -- collecting point 50
GetDeflection L2 (CDD) ===>> 0
testing L2_CDD_==3250
evaluate ot="L2(CDD).deflection==3250" t="L2_CDD_==3250", ctx="{'L2_CDD_': 0.0}"
GetDeflection L2 (CDD) ===>> 0
testing L2_CDD_==3250
evaluate ot="L2(CDD).deflection==3250" t="L2_CDD_==3250", ctx="{'L2_CDD_': 0.0}"
GetDeflection L2 (CDD) ===>> 0
testing L2_CDD_==3250
evaluate ot="L2(CDD).deflection==3250" t="L2_CDD_==3250", ctx="{'L2_CDD_': 0.0}"
20:42:41 -- collecting point 75
GetDeflection L2 (CDD) ===>> 0
testing L2_CDD_==3250
evaluate ot="L2(CDD).deflection==3250" t="L2_CDD_==3250", ctx="{'L2_CDD_': 0.0}"
GetDeflection L2 (CDD) ===>> 0
testing L2_CDD_==3250
evaluate ot="L2(CDD).deflection==3250" t="L2_CDD_==3250", ctx="{'L2_CDD_': 0.0}"
20:43:07 -- collecting point 100
GetDeflection L2 (CDD) ===>> 0
testing L2_CDD_==3250
evaluate ot="L2(CDD).deflection==3250" t="L2_CDD_==3250", ctx="{'L2_CDD_': 0.0}"
GetDeflection L2 (CDD) ===>> 0
testing L2_CDD_==3250
evaluate ot="L2(CDD).deflection==3250" t="L2_CDD_==3250", ctx="{'L2_CDD_': 0.0}"
waiting for write to finish
measurement finished
estimated time: 125.829 actual time: :126.217
flush and close file /Users/obama/PychronDev/data/isotopes/85/270d00-456c-41e4-92de-4f5d9ff47f2c.h5
finished measure script
executed snippet estimated_duration=590.4304, duration=303.549645901
felix_analysis400_120 no center.py completed successfully
Measurement Finished
20:43:29 -- ******* Measurement Finished *******
Post Measurement Started felix_pump_ms.py
20:43:29 -- ******* Post Measurement Started felix_pump_ms.py *******
testing...
no interpolation path defined
executed snippet estimated_duration=0, duration=4.38690185547e-05
Pumping spectrometer
open () {'name': 'V'}
open name=V desc=---
checking ownership. requestor=129.138.12.137
check software interlocks V
interlocks []
actuate state mode=None-script, software_lock=False
doing actuation None-script open_channel True
Open V ===>> OK
GetIndicatorState V ===>> OK
change switch state (True, True)
update switch state V True args=() kw={} ncanvase=5
20:43:29 -- OPEN   VALVE-V (Felix Ion Pump)
-------------------------- open V () result=[(True, True)]
action=open, ok=True, locked=[False]
executed snippet estimated_duration=0, duration=0.399957895279
felix_pump_ms.py completed successfully
setting _ms_pumptime
Post Measurement Finished
20:43:30 -- ******* Post Measurement Finished *******
$$$$$$$$$$$$$$$$$$$$ state at run end truncated
post measurement save measured=True aborted=False
Set filtering
setting fod for Ar40= {'filter_outliers': True, 'std_devs': 2, 'iterations': 2}
setting fod for H2= {'filter_outliers': True, 'std_devs': 2, 'iterations': 1}
setting fod for Ar36= {'filter_outliers': True, 'std_devs': 2, 'iterations': 2}
setting fod for L2(CDD)= {'filter_outliers': True, 'std_devs': 2, 'iterations': 1}
setting fod for Ar37= {'filter_outliers': True, 'std_devs': 2, 'iterations': 2}
setting fod for L1= {'filter_outliers': True, 'std_devs': 2, 'iterations': 1}
setting fod for Ar38= {'filter_outliers': True, 'std_devs': 2, 'iterations': 2}
setting fod for AX= {'filter_outliers': True, 'std_devs': 2, 'iterations': 1}
setting fod for Ar39= {'filter_outliers': True, 'std_devs': 2, 'iterations': 2}
setting fod for H1= {'filter_outliers': True, 'std_devs': 2, 'iterations': 1}
not connected to db mysql://felixexp@129.138.12.160/labspy
Enviromentals: {'lab_humiditys': [{'device': 'EnvironmentalMonitor',
                    'name': 'Lab Hum.',
                    'pub_date': '2017-08-24T20:40:18',
                    'title': 'iServer Hum.',
                    'value': 53.7}],
 'lab_pneumatics': [{'device': 'AirPressure',
                     'name': 'Pressure',
                     'pub_date': '2017-08-24T20:42:34',
                     'title': None,
                     'value': 91.2},
                    {'device': 'AirPressure2',
                     'name': 'Pressure2',
                     'pub_date': '2017-08-24T20:42:36',
                     'title': None,
                     'value': 92.59588}],
 'lab_temperatures': [{'device': 'EnvironmentalMonitor',
                       'name': 'Lab Temp.',
                       'pub_date': '2017-08-24T19:06:19',
                       'title': 'iServer Temp.',
                       'value': 73.2},
                      {'device': 'Chiller',
                       'name': 'Coolant Temp.',
                       'pub_date': '2017-08-24T19:55:11',
                       'title': None,
                       'value': 18.0}]}
persistence save...
persistence save - db
post measurement save
4912063888 connecting to database sqlite://@/
connected to db sqlite://@/
create new session 4912063888
close session 4912063888
No database instance. Not saving post measurement to isotopedb database
$$$$$$$$$$$$$$$ auto_save_detector_ic=False
massspec enabled True
create new session 4822294448
MassSpec Database Version: 16.0
close session 4822294448
saving post measurement to secondary database
saving to massspec database 129.138.12.160/massspecdata
setting labnumber to bu-NF-F
setting aliquot to 195
setting step to 
setting uuid to 85270d00-456c-41e4-92de-4f5d9ff47f2c
setting irradpos to bu-NF-F
setting extract_device to NMGRL Furnace
setting tray to 
setting position to 
setting power_requested to 0.0
setting extract_value to 0.0
setting duration to 720.0
setting duration_at_request to 720.0
setting first_stage_delay to 720.0
setting cleanup to 30.0
setting comment to 
setting irradiation to NoIrradiation
setting level to A
setting irradiation_level to A
setting sample to blank_unknown
setting material to Blank
setting project to REFERENCES
setting mass_spectrometer to Felix
no attribute chron_dosages
no attribute production_ratios
no attribute interference_corrections
no attribute production_name
no attribute j
adding new session for Felix
Reference Isotope=Ar40
Reference Detector=H2
%%%%%%%%%%%%%%%%%%%% Comment:  %%%%%%%%%%%%%%%%%%%
adding isotope Ar40 H2
add baseline dbdet= Ar40. original det= H2
get baseline data Ar40 H2
Get data baseline <pychron.processing.isotope.Baseline object at 0x123342a10> len t=120
baseline Ar40. v=0.0315937804539, e=0.00744679030847
get signal data Ar40 H2
Get data signal Ar40 6.14+/-0.06 len t=118
adding isotope Ar39 H1
add baseline dbdet= Ar39. original det= H1
get baseline data Ar39 H1
Get data baseline <pychron.processing.isotope.Baseline object at 0x123342ad0> len t=120
baseline Ar39. v=-0.0484178099557, e=0.0118806946175
get signal data Ar39 H1
Get data signal Ar39 -0.05+/-0.08 len t=118
adding isotope Ar38 AX
add baseline dbdet= Ar38. original det= AX
get baseline data Ar38 AX
Get data baseline <pychron.processing.isotope.Baseline object at 0x122861550> len t=120
baseline Ar38. v=-0.107232128822, e=0.0102063106096
get signal data Ar38 AX
Get data signal Ar38 -0.100+/-0.028 len t=118
adding isotope Ar37 L1
add baseline dbdet= Ar37. original det= L1
get baseline data Ar37 L1
Get data baseline <pychron.processing.isotope.Baseline object at 0x122861d50> len t=120
baseline Ar37. v=-0.618629246042, e=0.00948484097672
get signal data Ar37 L1
Get data signal Ar37 0.023+/-0.031 len t=118
adding isotope Ar36 L2(CDD)
add baseline dbdet= Ar36. original det= L2(CDD)
get baseline data Ar36 L2(CDD)
Get data baseline <pychron.processing.isotope.Baseline object at 0x122861d90> len t=120
baseline Ar36. v=0.0, e=0.0
get signal data Ar36 L2(CDD)
Get data signal Ar36 0.0211+/-0.0014 len t=118
bu-NF-F-195 added analysis time 0.541522979736s
analysis added to mass spec database
mass spec save time= 0.553
persistence save - dvc
================= post measurement started
create new session 4720101040
close session 4720101040
add to repo msg=modified - felix_analysis400_120 no center.py
add to repo msg=modified - felix_furnace.py
add to repo msg=modified - felix_pump_ms.py
add to repo msg=modified - felix_pump_extraction_line.py
---------------- Experiment Queue saving disabled
DVC saving peakcenter
Smart pull ahead: 0 behind: 0
Up-to-date with origin
add to repo msg=modified - 44c6f8761147de90179e8a3952e48831c78a9a46.json
add to repo msg=modified - -F-195.json
add to repo msg=modified - -F-195.dat.json
add to repo msg=modified - -F-195.blan.json
add to repo msg=modified - -F-195.inte.json
add to repo msg=modified - -F-195.icfa.json
add to repo msg=modified - -F-195.base.json
not at valid file /Users/obama/PychronDev/data/.dvc/repositories/Felix_blank171/bu-NF/tags/-F-195.tags.json
add to repo msg=modified - -F-195.peak.json
add to repo msg=modified - -F-195.extr.json
not at valid file /Users/obama/PychronDev/data/.dvc/repositories/Felix_blank171/bu-NF/monitor/-F-195.moni.json
commit message=<COLLECTION>
add to repo msg=modified - -F-195.inte.json
add to repo msg=modified - -F-195.base.json
commit message=<ISOEVO> default collection fits
add to repo msg=modified - -F-195.blan.json
commit message=<BLANKS> preceding 
add to repo msg=modified - -F-195.icfa.json
commit message=<ICFactor> default
push repository <pychron.git_archive.repo_manager.GitRepoManager object at 0x126662770>
pushing to remote=origin, url=https://github.com
Smart pull ahead: 0 behind: 0
Up-to-date with origin
no changes to meta repo
create new session 4720101040
add association Felix_blank171
get identifier "bu-NF-F"
setting analysis irradiation position=<pychron.dvc.dvc_orm.IrradiationPositionTbl object at 0x12c653ed0>
close session 4720101040
================= post measurement finished
20:43:44 -- ******* Post Run Check *******
loading queue conditionals post_run_actions
queue conditionals path /Users/obama/PychronDev/queue_conditionals/normal.yaml
loading conditionals from /Users/obama/PychronDev/queue_conditionals/normal.yaml
loading system conditionals post_run_actions
loading conditionals from /Users/obama/PychronDev/setupfiles/spectrometer/default_conditionals.yaml
loading queue conditionals post_run_terminations
queue conditionals path /Users/obama/PychronDev/queue_conditionals/normal.yaml
loading conditionals from /Users/obama/PychronDev/queue_conditionals/normal.yaml
loading system conditionals post_run_terminations
loading conditionals from /Users/obama/PychronDev/setupfiles/spectrometer/default_conditionals.yaml
Checking default post run terminations n=1
GetDeflection L2 (CDD) ===>> 0
testing L2_CDD_==3250
evaluate ot="L2(CDD).deflection==3250" t="L2_CDD_==3250", ctx="{'L2_CDD_': 0.0}"
20:43:44 -- ******* Post Run Check Passed *******
20:43:44 -- Automated run bu-NF-F-195 truncated duration: 1168.350 s
----------------- finish -----------------
----------------- stop -----------------
retroactive repository identifiers disabled
finish run. runs completed=1
write rem/ex queues
/Users/obama/PychronDev/experiments/rem/CurrentExperiment.rem.txt
/Users/obama/PychronDev/experiments/rem/CurrentExperiment.ex.txt
doing event level: 3
add run
